[2021-07-01 03:01:50] local.ERROR: SQLSTATE[HY000] [1049] Unknown database 'my-shop' (SQL: select * from `brand` where `brand`.`deleted_at` is null) {"exception":"[object] (Illuminate\\Database\\QueryException(code: 1049): SQLSTATE[HY000] [1049] Unknown database 'my-shop' (SQL: select * from `brand` where `brand`.`deleted_at` is null) at C:\\Users\\IVS1\\Desktop\\prj\\public\\laravel-prj\\laravel prj\\vendor\\laravel\\framework\\src\\Illuminate\\Database\\Connection.php:692)
[stacktrace]
#0 C:\\Users\\IVS1\\Desktop\\prj\\public\\laravel-prj\\laravel prj\\vendor\\laravel\\framework\\src\\Illuminate\\Database\\Connection.php(652): Illuminate\\Database\\Connection->runQueryCallback('select * from `...', Array, Object(Closure))
#1 C:\\Users\\IVS1\\Desktop\\prj\\public\\laravel-prj\\laravel prj\\vendor\\laravel\\framework\\src\\Illuminate\\Database\\Connection.php(360): Illuminate\\Database\\Connection->run('select * from `...', Array, Object(Closure))
#2 C:\\Users\\IVS1\\Desktop\\prj\\public\\laravel-prj\\laravel prj\\vendor\\laravel\\framework\\src\\Illuminate\\Database\\Query\\Builder.php(2351): Illuminate\\Database\\Connection->select('select * from `...', Array, true)
#3 C:\\Users\\IVS1\\Desktop\\prj\\public\\laravel-prj\\laravel prj\\vendor\\laravel\\framework\\src\\Illuminate\\Database\\Query\\Builder.php(2339): Illuminate\\Database\\Query\\Builder->runSelect()
#4 C:\\Users\\IVS1\\Desktop\\prj\\public\\laravel-prj\\laravel prj\\vendor\\laravel\\framework\\src\\Illuminate\\Database\\Query\\Builder.php(2905): Illuminate\\Database\\Query\\Builder->Illuminate\\Database\\Query\\{closure}()
#5 C:\\Users\\IVS1\\Desktop\\prj\\public\\laravel-prj\\laravel prj\\vendor\\laravel\\framework\\src\\Illuminate\\Database\\Query\\Builder.php(2340): Illuminate\\Database\\Query\\Builder->onceWithColumns(Array, Object(Closure))
#6 C:\\Users\\IVS1\\Desktop\\prj\\public\\laravel-prj\\laravel prj\\vendor\\laravel\\framework\\src\\Illuminate\\Database\\Eloquent\\Builder.php(604): Illuminate\\Database\\Query\\Builder->get(Array)
#7 C:\\Users\\IVS1\\Desktop\\prj\\public\\laravel-prj\\laravel prj\\vendor\\laravel\\framework\\src\\Illuminate\\Database\\Eloquent\\Builder.php(588): Illuminate\\Database\\Eloquent\\Builder->getModels(Array)
#8 C:\\Users\\IVS1\\Desktop\\prj\\public\\laravel-prj\\laravel prj\\vendor\\laravel\\framework\\src\\Illuminate\\Database\\Eloquent\\Model.php(522): Illuminate\\Database\\Eloquent\\Builder->get(Array)
#9 C:\\Users\\IVS1\\Desktop\\prj\\public\\laravel-prj\\laravel prj\\app\\Providers\\AppServiceProvider.php(29): Illuminate\\Database\\Eloquent\\Model::all()
#10 C:\\Users\\IVS1\\Desktop\\prj\\public\\laravel-prj\\laravel prj\\vendor\\laravel\\framework\\src\\Illuminate\\Container\\BoundMethod.php(36): App\\Providers\\AppServiceProvider->boot()
#11 C:\\Users\\IVS1\\Desktop\\prj\\public\\laravel-prj\\laravel prj\\vendor\\laravel\\framework\\src\\Illuminate\\Container\\Util.php(40): Illuminate\\Container\\BoundMethod::Illuminate\\Container\\{closure}()
#12 C:\\Users\\IVS1\\Desktop\\prj\\public\\laravel-prj\\laravel prj\\vendor\\laravel\\framework\\src\\Illuminate\\Container\\BoundMethod.php(93): Illuminate\\Container\\Util::unwrapIfClosure(Object(Closure))
#13 C:\\Users\\IVS1\\Desktop\\prj\\public\\laravel-prj\\laravel prj\\vendor\\laravel\\framework\\src\\Illuminate\\Container\\BoundMethod.php(37): Illuminate\\Container\\BoundMethod::callBoundMethod(Object(Illuminate\\Foundation\\Application), Array, Object(Closure))
#14 C:\\Users\\IVS1\\Desktop\\prj\\public\\laravel-prj\\laravel prj\\vendor\\laravel\\framework\\src\\Illuminate\\Container\\Container.php(651): Illuminate\\Container\\BoundMethod::call(Object(Illuminate\\Foundation\\Application), Array, Array, NULL)
#15 C:\\Users\\IVS1\\Desktop\\prj\\public\\laravel-prj\\laravel prj\\vendor\\laravel\\framework\\src\\Illuminate\\Foundation\\Application.php(914): Illuminate\\Container\\Container->call(Array)
#16 C:\\Users\\IVS1\\Desktop\\prj\\public\\laravel-prj\\laravel prj\\vendor\\laravel\\framework\\src\\Illuminate\\Foundation\\Application.php(895): Illuminate\\Foundation\\Application->bootProvider(Object(App\\Providers\\AppServiceProvider))
#17 [internal function]: Illuminate\\Foundation\\Application->Illuminate\\Foundation\\{closure}(Object(App\\Providers\\AppServiceProvider), 20)
#18 C:\\Users\\IVS1\\Desktop\\prj\\public\\laravel-prj\\laravel prj\\vendor\\laravel\\framework\\src\\Illuminate\\Foundation\\Application.php(896): array_walk(Array, Object(Closure))
#19 C:\\Users\\IVS1\\Desktop\\prj\\public\\laravel-prj\\laravel prj\\vendor\\laravel\\framework\\src\\Illuminate\\Foundation\\Bootstrap\\BootProviders.php(17): Illuminate\\Foundation\\Application->boot()
#20 C:\\Users\\IVS1\\Desktop\\prj\\public\\laravel-prj\\laravel prj\\vendor\\laravel\\framework\\src\\Illuminate\\Foundation\\Application.php(237): Illuminate\\Foundation\\Bootstrap\\BootProviders->bootstrap(Object(Illuminate\\Foundation\\Application))
#21 C:\\Users\\IVS1\\Desktop\\prj\\public\\laravel-prj\\laravel prj\\vendor\\laravel\\framework\\src\\Illuminate\\Foundation\\Console\\Kernel.php(310): Illuminate\\Foundation\\Application->bootstrapWith(Array)
#22 C:\\Users\\IVS1\\Desktop\\prj\\public\\laravel-prj\\laravel prj\\vendor\\laravel\\framework\\src\\Illuminate\\Foundation\\Console\\Kernel.php(127): Illuminate\\Foundation\\Console\\Kernel->bootstrap()
#23 C:\\Users\\IVS1\\Desktop\\prj\\public\\laravel-prj\\laravel prj\\artisan(37): Illuminate\\Foundation\\Console\\Kernel->handle(Object(Symfony\\Component\\Console\\Input\\ArgvInput), Object(Symfony\\Component\\Console\\Output\\ConsoleOutput))
#24 {main}

[previous exception] [object] (PDOException(code: 1049): SQLSTATE[HY000] [1049] Unknown database 'my-shop' at C:\\Users\\IVS1\\Desktop\\prj\\public\\laravel-prj\\laravel prj\\vendor\\laravel\\framework\\src\\Illuminate\\Database\\Connectors\\Connector.php:70)
[stacktrace]
#0 C:\\Users\\IVS1\\Desktop\\prj\\public\\laravel-prj\\laravel prj\\vendor\\laravel\\framework\\src\\Illuminate\\Database\\Connectors\\Connector.php(70): PDO->__construct('mysql:host=127....', 'root', '', Array)
#1 C:\\Users\\IVS1\\Desktop\\prj\\public\\laravel-prj\\laravel prj\\vendor\\laravel\\framework\\src\\Illuminate\\Database\\Connectors\\Connector.php(46): Illuminate\\Database\\Connectors\\Connector->createPdoConnection('mysql:host=127....', 'root', '', Array)
#2 C:\\Users\\IVS1\\Desktop\\prj\\public\\laravel-prj\\laravel prj\\vendor\\laravel\\framework\\src\\Illuminate\\Database\\Connectors\\MySqlConnector.php(24): Illuminate\\Database\\Connectors\\Connector->createConnection('mysql:host=127....', Array, Array)
#3 C:\\Users\\IVS1\\Desktop\\prj\\public\\laravel-prj\\laravel prj\\vendor\\laravel\\framework\\src\\Illuminate\\Database\\Connectors\\ConnectionFactory.php(184): Illuminate\\Database\\Connectors\\MySqlConnector->connect(Array)
#4 [internal function]: Illuminate\\Database\\Connectors\\ConnectionFactory->Illuminate\\Database\\Connectors\\{closure}()
#5 C:\\Users\\IVS1\\Desktop\\prj\\public\\laravel-prj\\laravel prj\\vendor\\laravel\\framework\\src\\Illuminate\\Database\\Connection.php(999): call_user_func(Object(Closure))
#6 C:\\Users\\IVS1\\Desktop\\prj\\public\\laravel-prj\\laravel prj\\vendor\\laravel\\framework\\src\\Illuminate\\Database\\Connection.php(1035): Illuminate\\Database\\Connection->getPdo()
#7 C:\\Users\\IVS1\\Desktop\\prj\\public\\laravel-prj\\laravel prj\\vendor\\laravel\\framework\\src\\Illuminate\\Database\\Connection.php(426): Illuminate\\Database\\Connection->getReadPdo()
#8 C:\\Users\\IVS1\\Desktop\\prj\\public\\laravel-prj\\laravel prj\\vendor\\laravel\\framework\\src\\Illuminate\\Database\\Connection.php(352): Illuminate\\Database\\Connection->getPdoForSelect(true)
#9 C:\\Users\\IVS1\\Desktop\\prj\\public\\laravel-prj\\laravel prj\\vendor\\laravel\\framework\\src\\Illuminate\\Database\\Connection.php(685): Illuminate\\Database\\Connection->Illuminate\\Database\\{closure}('select * from `...', Array)
#10 C:\\Users\\IVS1\\Desktop\\prj\\public\\laravel-prj\\laravel prj\\vendor\\laravel\\framework\\src\\Illuminate\\Database\\Connection.php(652): Illuminate\\Database\\Connection->runQueryCallback('select * from `...', Array, Object(Closure))
#11 C:\\Users\\IVS1\\Desktop\\prj\\public\\laravel-prj\\laravel prj\\vendor\\laravel\\framework\\src\\Illuminate\\Database\\Connection.php(360): Illuminate\\Database\\Connection->run('select * from `...', Array, Object(Closure))
#12 C:\\Users\\IVS1\\Desktop\\prj\\public\\laravel-prj\\laravel prj\\vendor\\laravel\\framework\\src\\Illuminate\\Database\\Query\\Builder.php(2351): Illuminate\\Database\\Connection->select('select * from `...', Array, true)
#13 C:\\Users\\IVS1\\Desktop\\prj\\public\\laravel-prj\\laravel prj\\vendor\\laravel\\framework\\src\\Illuminate\\Database\\Query\\Builder.php(2339): Illuminate\\Database\\Query\\Builder->runSelect()
#14 C:\\Users\\IVS1\\Desktop\\prj\\public\\laravel-prj\\laravel prj\\vendor\\laravel\\framework\\src\\Illuminate\\Database\\Query\\Builder.php(2905): Illuminate\\Database\\Query\\Builder->Illuminate\\Database\\Query\\{closure}()
#15 C:\\Users\\IVS1\\Desktop\\prj\\public\\laravel-prj\\laravel prj\\vendor\\laravel\\framework\\src\\Illuminate\\Database\\Query\\Builder.php(2340): Illuminate\\Database\\Query\\Builder->onceWithColumns(Array, Object(Closure))
#16 C:\\Users\\IVS1\\Desktop\\prj\\public\\laravel-prj\\laravel prj\\vendor\\laravel\\framework\\src\\Illuminate\\Database\\Eloquent\\Builder.php(604): Illuminate\\Database\\Query\\Builder->get(Array)
#17 C:\\Users\\IVS1\\Desktop\\prj\\public\\laravel-prj\\laravel prj\\vendor\\laravel\\framework\\src\\Illuminate\\Database\\Eloquent\\Builder.php(588): Illuminate\\Database\\Eloquent\\Builder->getModels(Array)
#18 C:\\Users\\IVS1\\Desktop\\prj\\public\\laravel-prj\\laravel prj\\vendor\\laravel\\framework\\src\\Illuminate\\Database\\Eloquent\\Model.php(522): Illuminate\\Database\\Eloquent\\Builder->get(Array)
#19 C:\\Users\\IVS1\\Desktop\\prj\\public\\laravel-prj\\laravel prj\\app\\Providers\\AppServiceProvider.php(29): Illuminate\\Database\\Eloquent\\Model::all()
#20 C:\\Users\\IVS1\\Desktop\\prj\\public\\laravel-prj\\laravel prj\\vendor\\laravel\\framework\\src\\Illuminate\\Container\\BoundMethod.php(36): App\\Providers\\AppServiceProvider->boot()
#21 C:\\Users\\IVS1\\Desktop\\prj\\public\\laravel-prj\\laravel prj\\vendor\\laravel\\framework\\src\\Illuminate\\Container\\Util.php(40): Illuminate\\Container\\BoundMethod::Illuminate\\Container\\{closure}()
#22 C:\\Users\\IVS1\\Desktop\\prj\\public\\laravel-prj\\laravel prj\\vendor\\laravel\\framework\\src\\Illuminate\\Container\\BoundMethod.php(93): Illuminate\\Container\\Util::unwrapIfClosure(Object(Closure))
#23 C:\\Users\\IVS1\\Desktop\\prj\\public\\laravel-prj\\laravel prj\\vendor\\laravel\\framework\\src\\Illuminate\\Container\\BoundMethod.php(37): Illuminate\\Container\\BoundMethod::callBoundMethod(Object(Illuminate\\Foundation\\Application), Array, Object(Closure))
#24 C:\\Users\\IVS1\\Desktop\\prj\\public\\laravel-prj\\laravel prj\\vendor\\laravel\\framework\\src\\Illuminate\\Container\\Container.php(651): Illuminate\\Container\\BoundMethod::call(Object(Illuminate\\Foundation\\Application), Array, Array, NULL)
#25 C:\\Users\\IVS1\\Desktop\\prj\\public\\laravel-prj\\laravel prj\\vendor\\laravel\\framework\\src\\Illuminate\\Foundation\\Application.php(914): Illuminate\\Container\\Container->call(Array)
#26 C:\\Users\\IVS1\\Desktop\\prj\\public\\laravel-prj\\laravel prj\\vendor\\laravel\\framework\\src\\Illuminate\\Foundation\\Application.php(895): Illuminate\\Foundation\\Application->bootProvider(Object(App\\Providers\\AppServiceProvider))
#27 [internal function]: Illuminate\\Foundation\\Application->Illuminate\\Foundation\\{closure}(Object(App\\Providers\\AppServiceProvider), 20)
#28 C:\\Users\\IVS1\\Desktop\\prj\\public\\laravel-prj\\laravel prj\\vendor\\laravel\\framework\\src\\Illuminate\\Foundation\\Application.php(896): array_walk(Array, Object(Closure))
#29 C:\\Users\\IVS1\\Desktop\\prj\\public\\laravel-prj\\laravel prj\\vendor\\laravel\\framework\\src\\Illuminate\\Foundation\\Bootstrap\\BootProviders.php(17): Illuminate\\Foundation\\Application->boot()
#30 C:\\Users\\IVS1\\Desktop\\prj\\public\\laravel-prj\\laravel prj\\vendor\\laravel\\framework\\src\\Illuminate\\Foundation\\Application.php(237): Illuminate\\Foundation\\Bootstrap\\BootProviders->bootstrap(Object(Illuminate\\Foundation\\Application))
#31 C:\\Users\\IVS1\\Desktop\\prj\\public\\laravel-prj\\laravel prj\\vendor\\laravel\\framework\\src\\Illuminate\\Foundation\\Console\\Kernel.php(310): Illuminate\\Foundation\\Application->bootstrapWith(Array)
#32 C:\\Users\\IVS1\\Desktop\\prj\\public\\laravel-prj\\laravel prj\\vendor\\laravel\\framework\\src\\Illuminate\\Foundation\\Console\\Kernel.php(127): Illuminate\\Foundation\\Console\\Kernel->bootstrap()
#33 C:\\Users\\IVS1\\Desktop\\prj\\public\\laravel-prj\\laravel prj\\artisan(37): Illuminate\\Foundation\\Console\\Kernel->handle(Object(Symfony\\Component\\Console\\Input\\ArgvInput), Object(Symfony\\Component\\Console\\Output\\ConsoleOutput))
#34 {main}
"} 
[2021-07-01 03:01:53] local.ERROR: SQLSTATE[HY000] [1049] Unknown database 'my-shop' (SQL: select * from `brand` where `brand`.`deleted_at` is null) {"exception":"[object] (Illuminate\\Database\\QueryException(code: 1049): SQLSTATE[HY000] [1049] Unknown database 'my-shop' (SQL: select * from `brand` where `brand`.`deleted_at` is null) at C:\\Users\\IVS1\\Desktop\\prj\\public\\laravel-prj\\laravel prj\\vendor\\laravel\\framework\\src\\Illuminate\\Database\\Connection.php:692)
[stacktrace]
#0 C:\\Users\\IVS1\\Desktop\\prj\\public\\laravel-prj\\laravel prj\\vendor\\laravel\\framework\\src\\Illuminate\\Database\\Connection.php(652): Illuminate\\Database\\Connection->runQueryCallback('select * from `...', Array, Object(Closure))
#1 C:\\Users\\IVS1\\Desktop\\prj\\public\\laravel-prj\\laravel prj\\vendor\\laravel\\framework\\src\\Illuminate\\Database\\Connection.php(360): Illuminate\\Database\\Connection->run('select * from `...', Array, Object(Closure))
#2 C:\\Users\\IVS1\\Desktop\\prj\\public\\laravel-prj\\laravel prj\\vendor\\laravel\\framework\\src\\Illuminate\\Database\\Query\\Builder.php(2351): Illuminate\\Database\\Connection->select('select * from `...', Array, true)
#3 C:\\Users\\IVS1\\Desktop\\prj\\public\\laravel-prj\\laravel prj\\vendor\\laravel\\framework\\src\\Illuminate\\Database\\Query\\Builder.php(2339): Illuminate\\Database\\Query\\Builder->runSelect()
#4 C:\\Users\\IVS1\\Desktop\\prj\\public\\laravel-prj\\laravel prj\\vendor\\laravel\\framework\\src\\Illuminate\\Database\\Query\\Builder.php(2905): Illuminate\\Database\\Query\\Builder->Illuminate\\Database\\Query\\{closure}()
#5 C:\\Users\\IVS1\\Desktop\\prj\\public\\laravel-prj\\laravel prj\\vendor\\laravel\\framework\\src\\Illuminate\\Database\\Query\\Builder.php(2340): Illuminate\\Database\\Query\\Builder->onceWithColumns(Array, Object(Closure))
#6 C:\\Users\\IVS1\\Desktop\\prj\\public\\laravel-prj\\laravel prj\\vendor\\laravel\\framework\\src\\Illuminate\\Database\\Eloquent\\Builder.php(604): Illuminate\\Database\\Query\\Builder->get(Array)
#7 C:\\Users\\IVS1\\Desktop\\prj\\public\\laravel-prj\\laravel prj\\vendor\\laravel\\framework\\src\\Illuminate\\Database\\Eloquent\\Builder.php(588): Illuminate\\Database\\Eloquent\\Builder->getModels(Array)
#8 C:\\Users\\IVS1\\Desktop\\prj\\public\\laravel-prj\\laravel prj\\vendor\\laravel\\framework\\src\\Illuminate\\Database\\Eloquent\\Model.php(522): Illuminate\\Database\\Eloquent\\Builder->get(Array)
#9 C:\\Users\\IVS1\\Desktop\\prj\\public\\laravel-prj\\laravel prj\\app\\Providers\\AppServiceProvider.php(29): Illuminate\\Database\\Eloquent\\Model::all()
#10 C:\\Users\\IVS1\\Desktop\\prj\\public\\laravel-prj\\laravel prj\\vendor\\laravel\\framework\\src\\Illuminate\\Container\\BoundMethod.php(36): App\\Providers\\AppServiceProvider->boot()
#11 C:\\Users\\IVS1\\Desktop\\prj\\public\\laravel-prj\\laravel prj\\vendor\\laravel\\framework\\src\\Illuminate\\Container\\Util.php(40): Illuminate\\Container\\BoundMethod::Illuminate\\Container\\{closure}()
#12 C:\\Users\\IVS1\\Desktop\\prj\\public\\laravel-prj\\laravel prj\\vendor\\laravel\\framework\\src\\Illuminate\\Container\\BoundMethod.php(93): Illuminate\\Container\\Util::unwrapIfClosure(Object(Closure))
#13 C:\\Users\\IVS1\\Desktop\\prj\\public\\laravel-prj\\laravel prj\\vendor\\laravel\\framework\\src\\Illuminate\\Container\\BoundMethod.php(37): Illuminate\\Container\\BoundMethod::callBoundMethod(Object(Illuminate\\Foundation\\Application), Array, Object(Closure))
#14 C:\\Users\\IVS1\\Desktop\\prj\\public\\laravel-prj\\laravel prj\\vendor\\laravel\\framework\\src\\Illuminate\\Container\\Container.php(651): Illuminate\\Container\\BoundMethod::call(Object(Illuminate\\Foundation\\Application), Array, Array, NULL)
#15 C:\\Users\\IVS1\\Desktop\\prj\\public\\laravel-prj\\laravel prj\\vendor\\laravel\\framework\\src\\Illuminate\\Foundation\\Application.php(914): Illuminate\\Container\\Container->call(Array)
#16 C:\\Users\\IVS1\\Desktop\\prj\\public\\laravel-prj\\laravel prj\\vendor\\laravel\\framework\\src\\Illuminate\\Foundation\\Application.php(895): Illuminate\\Foundation\\Application->bootProvider(Object(App\\Providers\\AppServiceProvider))
#17 [internal function]: Illuminate\\Foundation\\Application->Illuminate\\Foundation\\{closure}(Object(App\\Providers\\AppServiceProvider), 21)
#18 C:\\Users\\IVS1\\Desktop\\prj\\public\\laravel-prj\\laravel prj\\vendor\\laravel\\framework\\src\\Illuminate\\Foundation\\Application.php(896): array_walk(Array, Object(Closure))
#19 C:\\Users\\IVS1\\Desktop\\prj\\public\\laravel-prj\\laravel prj\\vendor\\laravel\\framework\\src\\Illuminate\\Foundation\\Bootstrap\\BootProviders.php(17): Illuminate\\Foundation\\Application->boot()
#20 C:\\Users\\IVS1\\Desktop\\prj\\public\\laravel-prj\\laravel prj\\vendor\\laravel\\framework\\src\\Illuminate\\Foundation\\Application.php(237): Illuminate\\Foundation\\Bootstrap\\BootProviders->bootstrap(Object(Illuminate\\Foundation\\Application))
#21 C:\\Users\\IVS1\\Desktop\\prj\\public\\laravel-prj\\laravel prj\\vendor\\laravel\\framework\\src\\Illuminate\\Foundation\\Console\\Kernel.php(310): Illuminate\\Foundation\\Application->bootstrapWith(Array)
#22 C:\\Users\\IVS1\\Desktop\\prj\\public\\laravel-prj\\laravel prj\\vendor\\laravel\\framework\\src\\Illuminate\\Foundation\\Console\\Kernel.php(127): Illuminate\\Foundation\\Console\\Kernel->bootstrap()
#23 Command line code(1): Illuminate\\Foundation\\Console\\Kernel->handle(Object(Symfony\\Component\\Console\\Input\\ArgvInput), Object(Symfony\\Component\\Console\\Output\\ConsoleOutput))
#24 {main}

[previous exception] [object] (PDOException(code: 1049): SQLSTATE[HY000] [1049] Unknown database 'my-shop' at C:\\Users\\IVS1\\Desktop\\prj\\public\\laravel-prj\\laravel prj\\vendor\\laravel\\framework\\src\\Illuminate\\Database\\Connectors\\Connector.php:70)
[stacktrace]
#0 C:\\Users\\IVS1\\Desktop\\prj\\public\\laravel-prj\\laravel prj\\vendor\\laravel\\framework\\src\\Illuminate\\Database\\Connectors\\Connector.php(70): PDO->__construct('mysql:host=127....', 'root', '', Array)
#1 C:\\Users\\IVS1\\Desktop\\prj\\public\\laravel-prj\\laravel prj\\vendor\\laravel\\framework\\src\\Illuminate\\Database\\Connectors\\Connector.php(46): Illuminate\\Database\\Connectors\\Connector->createPdoConnection('mysql:host=127....', 'root', '', Array)
#2 C:\\Users\\IVS1\\Desktop\\prj\\public\\laravel-prj\\laravel prj\\vendor\\laravel\\framework\\src\\Illuminate\\Database\\Connectors\\MySqlConnector.php(24): Illuminate\\Database\\Connectors\\Connector->createConnection('mysql:host=127....', Array, Array)
#3 C:\\Users\\IVS1\\Desktop\\prj\\public\\laravel-prj\\laravel prj\\vendor\\laravel\\framework\\src\\Illuminate\\Database\\Connectors\\ConnectionFactory.php(184): Illuminate\\Database\\Connectors\\MySqlConnector->connect(Array)
#4 [internal function]: Illuminate\\Database\\Connectors\\ConnectionFactory->Illuminate\\Database\\Connectors\\{closure}()
#5 C:\\Users\\IVS1\\Desktop\\prj\\public\\laravel-prj\\laravel prj\\vendor\\laravel\\framework\\src\\Illuminate\\Database\\Connection.php(999): call_user_func(Object(Closure))
#6 C:\\Users\\IVS1\\Desktop\\prj\\public\\laravel-prj\\laravel prj\\vendor\\laravel\\framework\\src\\Illuminate\\Database\\Connection.php(1035): Illuminate\\Database\\Connection->getPdo()
#7 C:\\Users\\IVS1\\Desktop\\prj\\public\\laravel-prj\\laravel prj\\vendor\\laravel\\framework\\src\\Illuminate\\Database\\Connection.php(426): Illuminate\\Database\\Connection->getReadPdo()
#8 C:\\Users\\IVS1\\Desktop\\prj\\public\\laravel-prj\\laravel prj\\vendor\\laravel\\framework\\src\\Illuminate\\Database\\Connection.php(352): Illuminate\\Database\\Connection->getPdoForSelect(true)
#9 C:\\Users\\IVS1\\Desktop\\prj\\public\\laravel-prj\\laravel prj\\vendor\\laravel\\framework\\src\\Illuminate\\Database\\Connection.php(685): Illuminate\\Database\\Connection->Illuminate\\Database\\{closure}('select * from `...', Array)
#10 C:\\Users\\IVS1\\Desktop\\prj\\public\\laravel-prj\\laravel prj\\vendor\\laravel\\framework\\src\\Illuminate\\Database\\Connection.php(652): Illuminate\\Database\\Connection->runQueryCallback('select * from `...', Array, Object(Closure))
#11 C:\\Users\\IVS1\\Desktop\\prj\\public\\laravel-prj\\laravel prj\\vendor\\laravel\\framework\\src\\Illuminate\\Database\\Connection.php(360): Illuminate\\Database\\Connection->run('select * from `...', Array, Object(Closure))
#12 C:\\Users\\IVS1\\Desktop\\prj\\public\\laravel-prj\\laravel prj\\vendor\\laravel\\framework\\src\\Illuminate\\Database\\Query\\Builder.php(2351): Illuminate\\Database\\Connection->select('select * from `...', Array, true)
#13 C:\\Users\\IVS1\\Desktop\\prj\\public\\laravel-prj\\laravel prj\\vendor\\laravel\\framework\\src\\Illuminate\\Database\\Query\\Builder.php(2339): Illuminate\\Database\\Query\\Builder->runSelect()
#14 C:\\Users\\IVS1\\Desktop\\prj\\public\\laravel-prj\\laravel prj\\vendor\\laravel\\framework\\src\\Illuminate\\Database\\Query\\Builder.php(2905): Illuminate\\Database\\Query\\Builder->Illuminate\\Database\\Query\\{closure}()
#15 C:\\Users\\IVS1\\Desktop\\prj\\public\\laravel-prj\\laravel prj\\vendor\\laravel\\framework\\src\\Illuminate\\Database\\Query\\Builder.php(2340): Illuminate\\Database\\Query\\Builder->onceWithColumns(Array, Object(Closure))
#16 C:\\Users\\IVS1\\Desktop\\prj\\public\\laravel-prj\\laravel prj\\vendor\\laravel\\framework\\src\\Illuminate\\Database\\Eloquent\\Builder.php(604): Illuminate\\Database\\Query\\Builder->get(Array)
#17 C:\\Users\\IVS1\\Desktop\\prj\\public\\laravel-prj\\laravel prj\\vendor\\laravel\\framework\\src\\Illuminate\\Database\\Eloquent\\Builder.php(588): Illuminate\\Database\\Eloquent\\Builder->getModels(Array)
#18 C:\\Users\\IVS1\\Desktop\\prj\\public\\laravel-prj\\laravel prj\\vendor\\laravel\\framework\\src\\Illuminate\\Database\\Eloquent\\Model.php(522): Illuminate\\Database\\Eloquent\\Builder->get(Array)
#19 C:\\Users\\IVS1\\Desktop\\prj\\public\\laravel-prj\\laravel prj\\app\\Providers\\AppServiceProvider.php(29): Illuminate\\Database\\Eloquent\\Model::all()
#20 C:\\Users\\IVS1\\Desktop\\prj\\public\\laravel-prj\\laravel prj\\vendor\\laravel\\framework\\src\\Illuminate\\Container\\BoundMethod.php(36): App\\Providers\\AppServiceProvider->boot()
#21 C:\\Users\\IVS1\\Desktop\\prj\\public\\laravel-prj\\laravel prj\\vendor\\laravel\\framework\\src\\Illuminate\\Container\\Util.php(40): Illuminate\\Container\\BoundMethod::Illuminate\\Container\\{closure}()
#22 C:\\Users\\IVS1\\Desktop\\prj\\public\\laravel-prj\\laravel prj\\vendor\\laravel\\framework\\src\\Illuminate\\Container\\BoundMethod.php(93): Illuminate\\Container\\Util::unwrapIfClosure(Object(Closure))
#23 C:\\Users\\IVS1\\Desktop\\prj\\public\\laravel-prj\\laravel prj\\vendor\\laravel\\framework\\src\\Illuminate\\Container\\BoundMethod.php(37): Illuminate\\Container\\BoundMethod::callBoundMethod(Object(Illuminate\\Foundation\\Application), Array, Object(Closure))
#24 C:\\Users\\IVS1\\Desktop\\prj\\public\\laravel-prj\\laravel prj\\vendor\\laravel\\framework\\src\\Illuminate\\Container\\Container.php(651): Illuminate\\Container\\BoundMethod::call(Object(Illuminate\\Foundation\\Application), Array, Array, NULL)
#25 C:\\Users\\IVS1\\Desktop\\prj\\public\\laravel-prj\\laravel prj\\vendor\\laravel\\framework\\src\\Illuminate\\Foundation\\Application.php(914): Illuminate\\Container\\Container->call(Array)
#26 C:\\Users\\IVS1\\Desktop\\prj\\public\\laravel-prj\\laravel prj\\vendor\\laravel\\framework\\src\\Illuminate\\Foundation\\Application.php(895): Illuminate\\Foundation\\Application->bootProvider(Object(App\\Providers\\AppServiceProvider))
#27 [internal function]: Illuminate\\Foundation\\Application->Illuminate\\Foundation\\{closure}(Object(App\\Providers\\AppServiceProvider), 21)
#28 C:\\Users\\IVS1\\Desktop\\prj\\public\\laravel-prj\\laravel prj\\vendor\\laravel\\framework\\src\\Illuminate\\Foundation\\Application.php(896): array_walk(Array, Object(Closure))
#29 C:\\Users\\IVS1\\Desktop\\prj\\public\\laravel-prj\\laravel prj\\vendor\\laravel\\framework\\src\\Illuminate\\Foundation\\Bootstrap\\BootProviders.php(17): Illuminate\\Foundation\\Application->boot()
#30 C:\\Users\\IVS1\\Desktop\\prj\\public\\laravel-prj\\laravel prj\\vendor\\laravel\\framework\\src\\Illuminate\\Foundation\\Application.php(237): Illuminate\\Foundation\\Bootstrap\\BootProviders->bootstrap(Object(Illuminate\\Foundation\\Application))
#31 C:\\Users\\IVS1\\Desktop\\prj\\public\\laravel-prj\\laravel prj\\vendor\\laravel\\framework\\src\\Illuminate\\Foundation\\Console\\Kernel.php(310): Illuminate\\Foundation\\Application->bootstrapWith(Array)
#32 C:\\Users\\IVS1\\Desktop\\prj\\public\\laravel-prj\\laravel prj\\vendor\\laravel\\framework\\src\\Illuminate\\Foundation\\Console\\Kernel.php(127): Illuminate\\Foundation\\Console\\Kernel->bootstrap()
#33 Command line code(1): Illuminate\\Foundation\\Console\\Kernel->handle(Object(Symfony\\Component\\Console\\Input\\ArgvInput), Object(Symfony\\Component\\Console\\Output\\ConsoleOutput))
#34 {main}
"} 
[2021-07-01 03:01:53] local.ERROR: SQLSTATE[HY000] [1049] Unknown database 'my-shop' (SQL: select * from `brand` where `brand`.`deleted_at` is null) {"exception":"[object] (Illuminate\\Database\\QueryException(code: 1049): SQLSTATE[HY000] [1049] Unknown database 'my-shop' (SQL: select * from `brand` where `brand`.`deleted_at` is null) at C:\\Users\\IVS1\\Desktop\\prj\\public\\laravel-prj\\laravel prj\\vendor\\laravel\\framework\\src\\Illuminate\\Database\\Connection.php:692)
[stacktrace]
#0 C:\\Users\\IVS1\\Desktop\\prj\\public\\laravel-prj\\laravel prj\\vendor\\laravel\\framework\\src\\Illuminate\\Database\\Connection.php(652): Illuminate\\Database\\Connection->runQueryCallback('select * from `...', Array, Object(Closure))
#1 C:\\Users\\IVS1\\Desktop\\prj\\public\\laravel-prj\\laravel prj\\vendor\\laravel\\framework\\src\\Illuminate\\Database\\Connection.php(360): Illuminate\\Database\\Connection->run('select * from `...', Array, Object(Closure))
#2 C:\\Users\\IVS1\\Desktop\\prj\\public\\laravel-prj\\laravel prj\\vendor\\laravel\\framework\\src\\Illuminate\\Database\\Query\\Builder.php(2351): Illuminate\\Database\\Connection->select('select * from `...', Array, true)
#3 C:\\Users\\IVS1\\Desktop\\prj\\public\\laravel-prj\\laravel prj\\vendor\\laravel\\framework\\src\\Illuminate\\Database\\Query\\Builder.php(2339): Illuminate\\Database\\Query\\Builder->runSelect()
#4 C:\\Users\\IVS1\\Desktop\\prj\\public\\laravel-prj\\laravel prj\\vendor\\laravel\\framework\\src\\Illuminate\\Database\\Query\\Builder.php(2905): Illuminate\\Database\\Query\\Builder->Illuminate\\Database\\Query\\{closure}()
#5 C:\\Users\\IVS1\\Desktop\\prj\\public\\laravel-prj\\laravel prj\\vendor\\laravel\\framework\\src\\Illuminate\\Database\\Query\\Builder.php(2340): Illuminate\\Database\\Query\\Builder->onceWithColumns(Array, Object(Closure))
#6 C:\\Users\\IVS1\\Desktop\\prj\\public\\laravel-prj\\laravel prj\\vendor\\laravel\\framework\\src\\Illuminate\\Database\\Eloquent\\Builder.php(604): Illuminate\\Database\\Query\\Builder->get(Array)
#7 C:\\Users\\IVS1\\Desktop\\prj\\public\\laravel-prj\\laravel prj\\vendor\\laravel\\framework\\src\\Illuminate\\Database\\Eloquent\\Builder.php(588): Illuminate\\Database\\Eloquent\\Builder->getModels(Array)
#8 C:\\Users\\IVS1\\Desktop\\prj\\public\\laravel-prj\\laravel prj\\vendor\\laravel\\framework\\src\\Illuminate\\Database\\Eloquent\\Model.php(522): Illuminate\\Database\\Eloquent\\Builder->get(Array)
#9 C:\\Users\\IVS1\\Desktop\\prj\\public\\laravel-prj\\laravel prj\\app\\Providers\\AppServiceProvider.php(29): Illuminate\\Database\\Eloquent\\Model::all()
#10 C:\\Users\\IVS1\\Desktop\\prj\\public\\laravel-prj\\laravel prj\\vendor\\laravel\\framework\\src\\Illuminate\\Container\\BoundMethod.php(36): App\\Providers\\AppServiceProvider->boot()
#11 C:\\Users\\IVS1\\Desktop\\prj\\public\\laravel-prj\\laravel prj\\vendor\\laravel\\framework\\src\\Illuminate\\Container\\Util.php(40): Illuminate\\Container\\BoundMethod::Illuminate\\Container\\{closure}()
#12 C:\\Users\\IVS1\\Desktop\\prj\\public\\laravel-prj\\laravel prj\\vendor\\laravel\\framework\\src\\Illuminate\\Container\\BoundMethod.php(93): Illuminate\\Container\\Util::unwrapIfClosure(Object(Closure))
#13 C:\\Users\\IVS1\\Desktop\\prj\\public\\laravel-prj\\laravel prj\\vendor\\laravel\\framework\\src\\Illuminate\\Container\\BoundMethod.php(37): Illuminate\\Container\\BoundMethod::callBoundMethod(Object(Illuminate\\Foundation\\Application), Array, Object(Closure))
#14 C:\\Users\\IVS1\\Desktop\\prj\\public\\laravel-prj\\laravel prj\\vendor\\laravel\\framework\\src\\Illuminate\\Container\\Container.php(651): Illuminate\\Container\\BoundMethod::call(Object(Illuminate\\Foundation\\Application), Array, Array, NULL)
#15 C:\\Users\\IVS1\\Desktop\\prj\\public\\laravel-prj\\laravel prj\\vendor\\laravel\\framework\\src\\Illuminate\\Foundation\\Application.php(914): Illuminate\\Container\\Container->call(Array)
#16 C:\\Users\\IVS1\\Desktop\\prj\\public\\laravel-prj\\laravel prj\\vendor\\laravel\\framework\\src\\Illuminate\\Foundation\\Application.php(895): Illuminate\\Foundation\\Application->bootProvider(Object(App\\Providers\\AppServiceProvider))
#17 [internal function]: Illuminate\\Foundation\\Application->Illuminate\\Foundation\\{closure}(Object(App\\Providers\\AppServiceProvider), 21)
#18 C:\\Users\\IVS1\\Desktop\\prj\\public\\laravel-prj\\laravel prj\\vendor\\laravel\\framework\\src\\Illuminate\\Foundation\\Application.php(896): array_walk(Array, Object(Closure))
#19 C:\\Users\\IVS1\\Desktop\\prj\\public\\laravel-prj\\laravel prj\\vendor\\laravel\\framework\\src\\Illuminate\\Foundation\\Bootstrap\\BootProviders.php(17): Illuminate\\Foundation\\Application->boot()
#20 C:\\Users\\IVS1\\Desktop\\prj\\public\\laravel-prj\\laravel prj\\vendor\\laravel\\framework\\src\\Illuminate\\Foundation\\Application.php(237): Illuminate\\Foundation\\Bootstrap\\BootProviders->bootstrap(Object(Illuminate\\Foundation\\Application))
#21 C:\\Users\\IVS1\\Desktop\\prj\\public\\laravel-prj\\laravel prj\\vendor\\laravel\\framework\\src\\Illuminate\\Foundation\\Console\\Kernel.php(310): Illuminate\\Foundation\\Application->bootstrapWith(Array)
#22 C:\\Users\\IVS1\\Desktop\\prj\\public\\laravel-prj\\laravel prj\\vendor\\laravel\\framework\\src\\Illuminate\\Foundation\\Console\\Kernel.php(127): Illuminate\\Foundation\\Console\\Kernel->bootstrap()
#23 Command line code(1): Illuminate\\Foundation\\Console\\Kernel->handle(Object(Symfony\\Component\\Console\\Input\\ArgvInput), Object(Symfony\\Component\\Console\\Output\\ConsoleOutput))
#24 {main}

[previous exception] [object] (PDOException(code: 1049): SQLSTATE[HY000] [1049] Unknown database 'my-shop' at C:\\Users\\IVS1\\Desktop\\prj\\public\\laravel-prj\\laravel prj\\vendor\\laravel\\framework\\src\\Illuminate\\Database\\Connectors\\Connector.php:70)
[stacktrace]
#0 C:\\Users\\IVS1\\Desktop\\prj\\public\\laravel-prj\\laravel prj\\vendor\\laravel\\framework\\src\\Illuminate\\Database\\Connectors\\Connector.php(70): PDO->__construct('mysql:host=127....', 'root', '', Array)
#1 C:\\Users\\IVS1\\Desktop\\prj\\public\\laravel-prj\\laravel prj\\vendor\\laravel\\framework\\src\\Illuminate\\Database\\Connectors\\Connector.php(46): Illuminate\\Database\\Connectors\\Connector->createPdoConnection('mysql:host=127....', 'root', '', Array)
#2 C:\\Users\\IVS1\\Desktop\\prj\\public\\laravel-prj\\laravel prj\\vendor\\laravel\\framework\\src\\Illuminate\\Database\\Connectors\\MySqlConnector.php(24): Illuminate\\Database\\Connectors\\Connector->createConnection('mysql:host=127....', Array, Array)
#3 C:\\Users\\IVS1\\Desktop\\prj\\public\\laravel-prj\\laravel prj\\vendor\\laravel\\framework\\src\\Illuminate\\Database\\Connectors\\ConnectionFactory.php(184): Illuminate\\Database\\Connectors\\MySqlConnector->connect(Array)
#4 [internal function]: Illuminate\\Database\\Connectors\\ConnectionFactory->Illuminate\\Database\\Connectors\\{closure}()
#5 C:\\Users\\IVS1\\Desktop\\prj\\public\\laravel-prj\\laravel prj\\vendor\\laravel\\framework\\src\\Illuminate\\Database\\Connection.php(999): call_user_func(Object(Closure))
#6 C:\\Users\\IVS1\\Desktop\\prj\\public\\laravel-prj\\laravel prj\\vendor\\laravel\\framework\\src\\Illuminate\\Database\\Connection.php(1035): Illuminate\\Database\\Connection->getPdo()
#7 C:\\Users\\IVS1\\Desktop\\prj\\public\\laravel-prj\\laravel prj\\vendor\\laravel\\framework\\src\\Illuminate\\Database\\Connection.php(426): Illuminate\\Database\\Connection->getReadPdo()
#8 C:\\Users\\IVS1\\Desktop\\prj\\public\\laravel-prj\\laravel prj\\vendor\\laravel\\framework\\src\\Illuminate\\Database\\Connection.php(352): Illuminate\\Database\\Connection->getPdoForSelect(true)
#9 C:\\Users\\IVS1\\Desktop\\prj\\public\\laravel-prj\\laravel prj\\vendor\\laravel\\framework\\src\\Illuminate\\Database\\Connection.php(685): Illuminate\\Database\\Connection->Illuminate\\Database\\{closure}('select * from `...', Array)
#10 C:\\Users\\IVS1\\Desktop\\prj\\public\\laravel-prj\\laravel prj\\vendor\\laravel\\framework\\src\\Illuminate\\Database\\Connection.php(652): Illuminate\\Database\\Connection->runQueryCallback('select * from `...', Array, Object(Closure))
#11 C:\\Users\\IVS1\\Desktop\\prj\\public\\laravel-prj\\laravel prj\\vendor\\laravel\\framework\\src\\Illuminate\\Database\\Connection.php(360): Illuminate\\Database\\Connection->run('select * from `...', Array, Object(Closure))
#12 C:\\Users\\IVS1\\Desktop\\prj\\public\\laravel-prj\\laravel prj\\vendor\\laravel\\framework\\src\\Illuminate\\Database\\Query\\Builder.php(2351): Illuminate\\Database\\Connection->select('select * from `...', Array, true)
#13 C:\\Users\\IVS1\\Desktop\\prj\\public\\laravel-prj\\laravel prj\\vendor\\laravel\\framework\\src\\Illuminate\\Database\\Query\\Builder.php(2339): Illuminate\\Database\\Query\\Builder->runSelect()
#14 C:\\Users\\IVS1\\Desktop\\prj\\public\\laravel-prj\\laravel prj\\vendor\\laravel\\framework\\src\\Illuminate\\Database\\Query\\Builder.php(2905): Illuminate\\Database\\Query\\Builder->Illuminate\\Database\\Query\\{closure}()
#15 C:\\Users\\IVS1\\Desktop\\prj\\public\\laravel-prj\\laravel prj\\vendor\\laravel\\framework\\src\\Illuminate\\Database\\Query\\Builder.php(2340): Illuminate\\Database\\Query\\Builder->onceWithColumns(Array, Object(Closure))
#16 C:\\Users\\IVS1\\Desktop\\prj\\public\\laravel-prj\\laravel prj\\vendor\\laravel\\framework\\src\\Illuminate\\Database\\Eloquent\\Builder.php(604): Illuminate\\Database\\Query\\Builder->get(Array)
#17 C:\\Users\\IVS1\\Desktop\\prj\\public\\laravel-prj\\laravel prj\\vendor\\laravel\\framework\\src\\Illuminate\\Database\\Eloquent\\Builder.php(588): Illuminate\\Database\\Eloquent\\Builder->getModels(Array)
#18 C:\\Users\\IVS1\\Desktop\\prj\\public\\laravel-prj\\laravel prj\\vendor\\laravel\\framework\\src\\Illuminate\\Database\\Eloquent\\Model.php(522): Illuminate\\Database\\Eloquent\\Builder->get(Array)
#19 C:\\Users\\IVS1\\Desktop\\prj\\public\\laravel-prj\\laravel prj\\app\\Providers\\AppServiceProvider.php(29): Illuminate\\Database\\Eloquent\\Model::all()
#20 C:\\Users\\IVS1\\Desktop\\prj\\public\\laravel-prj\\laravel prj\\vendor\\laravel\\framework\\src\\Illuminate\\Container\\BoundMethod.php(36): App\\Providers\\AppServiceProvider->boot()
#21 C:\\Users\\IVS1\\Desktop\\prj\\public\\laravel-prj\\laravel prj\\vendor\\laravel\\framework\\src\\Illuminate\\Container\\Util.php(40): Illuminate\\Container\\BoundMethod::Illuminate\\Container\\{closure}()
#22 C:\\Users\\IVS1\\Desktop\\prj\\public\\laravel-prj\\laravel prj\\vendor\\laravel\\framework\\src\\Illuminate\\Container\\BoundMethod.php(93): Illuminate\\Container\\Util::unwrapIfClosure(Object(Closure))
#23 C:\\Users\\IVS1\\Desktop\\prj\\public\\laravel-prj\\laravel prj\\vendor\\laravel\\framework\\src\\Illuminate\\Container\\BoundMethod.php(37): Illuminate\\Container\\BoundMethod::callBoundMethod(Object(Illuminate\\Foundation\\Application), Array, Object(Closure))
#24 C:\\Users\\IVS1\\Desktop\\prj\\public\\laravel-prj\\laravel prj\\vendor\\laravel\\framework\\src\\Illuminate\\Container\\Container.php(651): Illuminate\\Container\\BoundMethod::call(Object(Illuminate\\Foundation\\Application), Array, Array, NULL)
#25 C:\\Users\\IVS1\\Desktop\\prj\\public\\laravel-prj\\laravel prj\\vendor\\laravel\\framework\\src\\Illuminate\\Foundation\\Application.php(914): Illuminate\\Container\\Container->call(Array)
#26 C:\\Users\\IVS1\\Desktop\\prj\\public\\laravel-prj\\laravel prj\\vendor\\laravel\\framework\\src\\Illuminate\\Foundation\\Application.php(895): Illuminate\\Foundation\\Application->bootProvider(Object(App\\Providers\\AppServiceProvider))
#27 [internal function]: Illuminate\\Foundation\\Application->Illuminate\\Foundation\\{closure}(Object(App\\Providers\\AppServiceProvider), 21)
#28 C:\\Users\\IVS1\\Desktop\\prj\\public\\laravel-prj\\laravel prj\\vendor\\laravel\\framework\\src\\Illuminate\\Foundation\\Application.php(896): array_walk(Array, Object(Closure))
#29 C:\\Users\\IVS1\\Desktop\\prj\\public\\laravel-prj\\laravel prj\\vendor\\laravel\\framework\\src\\Illuminate\\Foundation\\Bootstrap\\BootProviders.php(17): Illuminate\\Foundation\\Application->boot()
#30 C:\\Users\\IVS1\\Desktop\\prj\\public\\laravel-prj\\laravel prj\\vendor\\laravel\\framework\\src\\Illuminate\\Foundation\\Application.php(237): Illuminate\\Foundation\\Bootstrap\\BootProviders->bootstrap(Object(Illuminate\\Foundation\\Application))
#31 C:\\Users\\IVS1\\Desktop\\prj\\public\\laravel-prj\\laravel prj\\vendor\\laravel\\framework\\src\\Illuminate\\Foundation\\Console\\Kernel.php(310): Illuminate\\Foundation\\Application->bootstrapWith(Array)
#32 C:\\Users\\IVS1\\Desktop\\prj\\public\\laravel-prj\\laravel prj\\vendor\\laravel\\framework\\src\\Illuminate\\Foundation\\Console\\Kernel.php(127): Illuminate\\Foundation\\Console\\Kernel->bootstrap()
#33 Command line code(1): Illuminate\\Foundation\\Console\\Kernel->handle(Object(Symfony\\Component\\Console\\Input\\ArgvInput), Object(Symfony\\Component\\Console\\Output\\ConsoleOutput))
#34 {main}
"} 
[2021-07-01 03:01:53] local.ERROR: Cannot redeclare loadCart() (previously declared in C:\Users\IVS1\Desktop\prj\public\laravel-prj\laravel prj\app\helpers.php:5) {"exception":"[object] (Symfony\\Component\\ErrorHandler\\Error\\FatalError(code: 0): Cannot redeclare loadCart() (previously declared in C:\\Users\\IVS1\\Desktop\\prj\\public\\laravel-prj\\laravel prj\\app\\helpers.php:5) at C:\\Users\\IVS1\\Desktop\\prj\\public\\laravel-prj\\laravel prj\\app\\helpers.php:3)
[stacktrace]
#0 {main}
"} 
[2021-07-01 03:02:53] local.ERROR: SQLSTATE[42S02]: Base table or view not found: 1146 Table 'my-shop.brand' doesn't exist (SQL: select * from `brand` where `brand`.`deleted_at` is null) {"exception":"[object] (Illuminate\\Database\\QueryException(code: 42S02): SQLSTATE[42S02]: Base table or view not found: 1146 Table 'my-shop.brand' doesn't exist (SQL: select * from `brand` where `brand`.`deleted_at` is null) at C:\\Users\\IVS1\\Desktop\\prj\\public\\laravel-prj\\laravel prj\\vendor\\laravel\\framework\\src\\Illuminate\\Database\\Connection.php:692)
[stacktrace]
#0 C:\\Users\\IVS1\\Desktop\\prj\\public\\laravel-prj\\laravel prj\\vendor\\laravel\\framework\\src\\Illuminate\\Database\\Connection.php(652): Illuminate\\Database\\Connection->runQueryCallback('select * from `...', Array, Object(Closure))
#1 C:\\Users\\IVS1\\Desktop\\prj\\public\\laravel-prj\\laravel prj\\vendor\\laravel\\framework\\src\\Illuminate\\Database\\Connection.php(360): Illuminate\\Database\\Connection->run('select * from `...', Array, Object(Closure))
#2 C:\\Users\\IVS1\\Desktop\\prj\\public\\laravel-prj\\laravel prj\\vendor\\laravel\\framework\\src\\Illuminate\\Database\\Query\\Builder.php(2351): Illuminate\\Database\\Connection->select('select * from `...', Array, true)
#3 C:\\Users\\IVS1\\Desktop\\prj\\public\\laravel-prj\\laravel prj\\vendor\\laravel\\framework\\src\\Illuminate\\Database\\Query\\Builder.php(2339): Illuminate\\Database\\Query\\Builder->runSelect()
#4 C:\\Users\\IVS1\\Desktop\\prj\\public\\laravel-prj\\laravel prj\\vendor\\laravel\\framework\\src\\Illuminate\\Database\\Query\\Builder.php(2905): Illuminate\\Database\\Query\\Builder->Illuminate\\Database\\Query\\{closure}()
#5 C:\\Users\\IVS1\\Desktop\\prj\\public\\laravel-prj\\laravel prj\\vendor\\laravel\\framework\\src\\Illuminate\\Database\\Query\\Builder.php(2340): Illuminate\\Database\\Query\\Builder->onceWithColumns(Array, Object(Closure))
#6 C:\\Users\\IVS1\\Desktop\\prj\\public\\laravel-prj\\laravel prj\\vendor\\laravel\\framework\\src\\Illuminate\\Database\\Eloquent\\Builder.php(604): Illuminate\\Database\\Query\\Builder->get(Array)
#7 C:\\Users\\IVS1\\Desktop\\prj\\public\\laravel-prj\\laravel prj\\vendor\\laravel\\framework\\src\\Illuminate\\Database\\Eloquent\\Builder.php(588): Illuminate\\Database\\Eloquent\\Builder->getModels(Array)
#8 C:\\Users\\IVS1\\Desktop\\prj\\public\\laravel-prj\\laravel prj\\vendor\\laravel\\framework\\src\\Illuminate\\Database\\Eloquent\\Model.php(522): Illuminate\\Database\\Eloquent\\Builder->get(Array)
#9 C:\\Users\\IVS1\\Desktop\\prj\\public\\laravel-prj\\laravel prj\\app\\Providers\\AppServiceProvider.php(29): Illuminate\\Database\\Eloquent\\Model::all()
#10 C:\\Users\\IVS1\\Desktop\\prj\\public\\laravel-prj\\laravel prj\\vendor\\laravel\\framework\\src\\Illuminate\\Container\\BoundMethod.php(36): App\\Providers\\AppServiceProvider->boot()
#11 C:\\Users\\IVS1\\Desktop\\prj\\public\\laravel-prj\\laravel prj\\vendor\\laravel\\framework\\src\\Illuminate\\Container\\Util.php(40): Illuminate\\Container\\BoundMethod::Illuminate\\Container\\{closure}()
#12 C:\\Users\\IVS1\\Desktop\\prj\\public\\laravel-prj\\laravel prj\\vendor\\laravel\\framework\\src\\Illuminate\\Container\\BoundMethod.php(93): Illuminate\\Container\\Util::unwrapIfClosure(Object(Closure))
#13 C:\\Users\\IVS1\\Desktop\\prj\\public\\laravel-prj\\laravel prj\\vendor\\laravel\\framework\\src\\Illuminate\\Container\\BoundMethod.php(37): Illuminate\\Container\\BoundMethod::callBoundMethod(Object(Illuminate\\Foundation\\Application), Array, Object(Closure))
#14 C:\\Users\\IVS1\\Desktop\\prj\\public\\laravel-prj\\laravel prj\\vendor\\laravel\\framework\\src\\Illuminate\\Container\\Container.php(651): Illuminate\\Container\\BoundMethod::call(Object(Illuminate\\Foundation\\Application), Array, Array, NULL)
#15 C:\\Users\\IVS1\\Desktop\\prj\\public\\laravel-prj\\laravel prj\\vendor\\laravel\\framework\\src\\Illuminate\\Foundation\\Application.php(914): Illuminate\\Container\\Container->call(Array)
#16 C:\\Users\\IVS1\\Desktop\\prj\\public\\laravel-prj\\laravel prj\\vendor\\laravel\\framework\\src\\Illuminate\\Foundation\\Application.php(895): Illuminate\\Foundation\\Application->bootProvider(Object(App\\Providers\\AppServiceProvider))
#17 [internal function]: Illuminate\\Foundation\\Application->Illuminate\\Foundation\\{closure}(Object(App\\Providers\\AppServiceProvider), 21)
#18 C:\\Users\\IVS1\\Desktop\\prj\\public\\laravel-prj\\laravel prj\\vendor\\laravel\\framework\\src\\Illuminate\\Foundation\\Application.php(896): array_walk(Array, Object(Closure))
#19 C:\\Users\\IVS1\\Desktop\\prj\\public\\laravel-prj\\laravel prj\\vendor\\laravel\\framework\\src\\Illuminate\\Foundation\\Bootstrap\\BootProviders.php(17): Illuminate\\Foundation\\Application->boot()
#20 C:\\Users\\IVS1\\Desktop\\prj\\public\\laravel-prj\\laravel prj\\vendor\\laravel\\framework\\src\\Illuminate\\Foundation\\Application.php(237): Illuminate\\Foundation\\Bootstrap\\BootProviders->bootstrap(Object(Illuminate\\Foundation\\Application))
#21 C:\\Users\\IVS1\\Desktop\\prj\\public\\laravel-prj\\laravel prj\\vendor\\laravel\\framework\\src\\Illuminate\\Foundation\\Console\\Kernel.php(310): Illuminate\\Foundation\\Application->bootstrapWith(Array)
#22 C:\\Users\\IVS1\\Desktop\\prj\\public\\laravel-prj\\laravel prj\\vendor\\laravel\\framework\\src\\Illuminate\\Foundation\\Console\\Kernel.php(127): Illuminate\\Foundation\\Console\\Kernel->bootstrap()
#23 Command line code(1): Illuminate\\Foundation\\Console\\Kernel->handle(Object(Symfony\\Component\\Console\\Input\\ArgvInput), Object(Symfony\\Component\\Console\\Output\\ConsoleOutput))
#24 {main}

[previous exception] [object] (PDOException(code: 42S02): SQLSTATE[42S02]: Base table or view not found: 1146 Table 'my-shop.brand' doesn't exist at C:\\Users\\IVS1\\Desktop\\prj\\public\\laravel-prj\\laravel prj\\vendor\\laravel\\framework\\src\\Illuminate\\Database\\Connection.php:352)
[stacktrace]
#0 C:\\Users\\IVS1\\Desktop\\prj\\public\\laravel-prj\\laravel prj\\vendor\\laravel\\framework\\src\\Illuminate\\Database\\Connection.php(352): PDO->prepare('select * from `...')
#1 C:\\Users\\IVS1\\Desktop\\prj\\public\\laravel-prj\\laravel prj\\vendor\\laravel\\framework\\src\\Illuminate\\Database\\Connection.php(685): Illuminate\\Database\\Connection->Illuminate\\Database\\{closure}('select * from `...', Array)
#2 C:\\Users\\IVS1\\Desktop\\prj\\public\\laravel-prj\\laravel prj\\vendor\\laravel\\framework\\src\\Illuminate\\Database\\Connection.php(652): Illuminate\\Database\\Connection->runQueryCallback('select * from `...', Array, Object(Closure))
#3 C:\\Users\\IVS1\\Desktop\\prj\\public\\laravel-prj\\laravel prj\\vendor\\laravel\\framework\\src\\Illuminate\\Database\\Connection.php(360): Illuminate\\Database\\Connection->run('select * from `...', Array, Object(Closure))
#4 C:\\Users\\IVS1\\Desktop\\prj\\public\\laravel-prj\\laravel prj\\vendor\\laravel\\framework\\src\\Illuminate\\Database\\Query\\Builder.php(2351): Illuminate\\Database\\Connection->select('select * from `...', Array, true)
#5 C:\\Users\\IVS1\\Desktop\\prj\\public\\laravel-prj\\laravel prj\\vendor\\laravel\\framework\\src\\Illuminate\\Database\\Query\\Builder.php(2339): Illuminate\\Database\\Query\\Builder->runSelect()
#6 C:\\Users\\IVS1\\Desktop\\prj\\public\\laravel-prj\\laravel prj\\vendor\\laravel\\framework\\src\\Illuminate\\Database\\Query\\Builder.php(2905): Illuminate\\Database\\Query\\Builder->Illuminate\\Database\\Query\\{closure}()
#7 C:\\Users\\IVS1\\Desktop\\prj\\public\\laravel-prj\\laravel prj\\vendor\\laravel\\framework\\src\\Illuminate\\Database\\Query\\Builder.php(2340): Illuminate\\Database\\Query\\Builder->onceWithColumns(Array, Object(Closure))
#8 C:\\Users\\IVS1\\Desktop\\prj\\public\\laravel-prj\\laravel prj\\vendor\\laravel\\framework\\src\\Illuminate\\Database\\Eloquent\\Builder.php(604): Illuminate\\Database\\Query\\Builder->get(Array)
#9 C:\\Users\\IVS1\\Desktop\\prj\\public\\laravel-prj\\laravel prj\\vendor\\laravel\\framework\\src\\Illuminate\\Database\\Eloquent\\Builder.php(588): Illuminate\\Database\\Eloquent\\Builder->getModels(Array)
#10 C:\\Users\\IVS1\\Desktop\\prj\\public\\laravel-prj\\laravel prj\\vendor\\laravel\\framework\\src\\Illuminate\\Database\\Eloquent\\Model.php(522): Illuminate\\Database\\Eloquent\\Builder->get(Array)
#11 C:\\Users\\IVS1\\Desktop\\prj\\public\\laravel-prj\\laravel prj\\app\\Providers\\AppServiceProvider.php(29): Illuminate\\Database\\Eloquent\\Model::all()
#12 C:\\Users\\IVS1\\Desktop\\prj\\public\\laravel-prj\\laravel prj\\vendor\\laravel\\framework\\src\\Illuminate\\Container\\BoundMethod.php(36): App\\Providers\\AppServiceProvider->boot()
#13 C:\\Users\\IVS1\\Desktop\\prj\\public\\laravel-prj\\laravel prj\\vendor\\laravel\\framework\\src\\Illuminate\\Container\\Util.php(40): Illuminate\\Container\\BoundMethod::Illuminate\\Container\\{closure}()
#14 C:\\Users\\IVS1\\Desktop\\prj\\public\\laravel-prj\\laravel prj\\vendor\\laravel\\framework\\src\\Illuminate\\Container\\BoundMethod.php(93): Illuminate\\Container\\Util::unwrapIfClosure(Object(Closure))
#15 C:\\Users\\IVS1\\Desktop\\prj\\public\\laravel-prj\\laravel prj\\vendor\\laravel\\framework\\src\\Illuminate\\Container\\BoundMethod.php(37): Illuminate\\Container\\BoundMethod::callBoundMethod(Object(Illuminate\\Foundation\\Application), Array, Object(Closure))
#16 C:\\Users\\IVS1\\Desktop\\prj\\public\\laravel-prj\\laravel prj\\vendor\\laravel\\framework\\src\\Illuminate\\Container\\Container.php(651): Illuminate\\Container\\BoundMethod::call(Object(Illuminate\\Foundation\\Application), Array, Array, NULL)
#17 C:\\Users\\IVS1\\Desktop\\prj\\public\\laravel-prj\\laravel prj\\vendor\\laravel\\framework\\src\\Illuminate\\Foundation\\Application.php(914): Illuminate\\Container\\Container->call(Array)
#18 C:\\Users\\IVS1\\Desktop\\prj\\public\\laravel-prj\\laravel prj\\vendor\\laravel\\framework\\src\\Illuminate\\Foundation\\Application.php(895): Illuminate\\Foundation\\Application->bootProvider(Object(App\\Providers\\AppServiceProvider))
#19 [internal function]: Illuminate\\Foundation\\Application->Illuminate\\Foundation\\{closure}(Object(App\\Providers\\AppServiceProvider), 21)
#20 C:\\Users\\IVS1\\Desktop\\prj\\public\\laravel-prj\\laravel prj\\vendor\\laravel\\framework\\src\\Illuminate\\Foundation\\Application.php(896): array_walk(Array, Object(Closure))
#21 C:\\Users\\IVS1\\Desktop\\prj\\public\\laravel-prj\\laravel prj\\vendor\\laravel\\framework\\src\\Illuminate\\Foundation\\Bootstrap\\BootProviders.php(17): Illuminate\\Foundation\\Application->boot()
#22 C:\\Users\\IVS1\\Desktop\\prj\\public\\laravel-prj\\laravel prj\\vendor\\laravel\\framework\\src\\Illuminate\\Foundation\\Application.php(237): Illuminate\\Foundation\\Bootstrap\\BootProviders->bootstrap(Object(Illuminate\\Foundation\\Application))
#23 C:\\Users\\IVS1\\Desktop\\prj\\public\\laravel-prj\\laravel prj\\vendor\\laravel\\framework\\src\\Illuminate\\Foundation\\Console\\Kernel.php(310): Illuminate\\Foundation\\Application->bootstrapWith(Array)
#24 C:\\Users\\IVS1\\Desktop\\prj\\public\\laravel-prj\\laravel prj\\vendor\\laravel\\framework\\src\\Illuminate\\Foundation\\Console\\Kernel.php(127): Illuminate\\Foundation\\Console\\Kernel->bootstrap()
#25 Command line code(1): Illuminate\\Foundation\\Console\\Kernel->handle(Object(Symfony\\Component\\Console\\Input\\ArgvInput), Object(Symfony\\Component\\Console\\Output\\ConsoleOutput))
#26 {main}
"} 
[2021-07-01 03:02:53] local.ERROR: Cannot redeclare loadCart() (previously declared in C:\Users\IVS1\Desktop\prj\public\laravel-prj\laravel prj\app\helpers.php:5) {"exception":"[object] (Symfony\\Component\\ErrorHandler\\Error\\FatalError(code: 0): Cannot redeclare loadCart() (previously declared in C:\\Users\\IVS1\\Desktop\\prj\\public\\laravel-prj\\laravel prj\\app\\helpers.php:5) at C:\\Users\\IVS1\\Desktop\\prj\\public\\laravel-prj\\laravel prj\\app\\helpers.php:3)
[stacktrace]
#0 {main}
"} 
[2021-07-01 03:02:53] local.ERROR: SQLSTATE[42S02]: Base table or view not found: 1146 Table 'my-shop.brand' doesn't exist (SQL: select * from `brand` where `brand`.`deleted_at` is null) {"exception":"[object] (Illuminate\\Database\\QueryException(code: 42S02): SQLSTATE[42S02]: Base table or view not found: 1146 Table 'my-shop.brand' doesn't exist (SQL: select * from `brand` where `brand`.`deleted_at` is null) at C:\\Users\\IVS1\\Desktop\\prj\\public\\laravel-prj\\laravel prj\\vendor\\laravel\\framework\\src\\Illuminate\\Database\\Connection.php:692)
[stacktrace]
#0 C:\\Users\\IVS1\\Desktop\\prj\\public\\laravel-prj\\laravel prj\\vendor\\laravel\\framework\\src\\Illuminate\\Database\\Connection.php(652): Illuminate\\Database\\Connection->runQueryCallback('select * from `...', Array, Object(Closure))
#1 C:\\Users\\IVS1\\Desktop\\prj\\public\\laravel-prj\\laravel prj\\vendor\\laravel\\framework\\src\\Illuminate\\Database\\Connection.php(360): Illuminate\\Database\\Connection->run('select * from `...', Array, Object(Closure))
#2 C:\\Users\\IVS1\\Desktop\\prj\\public\\laravel-prj\\laravel prj\\vendor\\laravel\\framework\\src\\Illuminate\\Database\\Query\\Builder.php(2351): Illuminate\\Database\\Connection->select('select * from `...', Array, true)
#3 C:\\Users\\IVS1\\Desktop\\prj\\public\\laravel-prj\\laravel prj\\vendor\\laravel\\framework\\src\\Illuminate\\Database\\Query\\Builder.php(2339): Illuminate\\Database\\Query\\Builder->runSelect()
#4 C:\\Users\\IVS1\\Desktop\\prj\\public\\laravel-prj\\laravel prj\\vendor\\laravel\\framework\\src\\Illuminate\\Database\\Query\\Builder.php(2905): Illuminate\\Database\\Query\\Builder->Illuminate\\Database\\Query\\{closure}()
#5 C:\\Users\\IVS1\\Desktop\\prj\\public\\laravel-prj\\laravel prj\\vendor\\laravel\\framework\\src\\Illuminate\\Database\\Query\\Builder.php(2340): Illuminate\\Database\\Query\\Builder->onceWithColumns(Array, Object(Closure))
#6 C:\\Users\\IVS1\\Desktop\\prj\\public\\laravel-prj\\laravel prj\\vendor\\laravel\\framework\\src\\Illuminate\\Database\\Eloquent\\Builder.php(604): Illuminate\\Database\\Query\\Builder->get(Array)
#7 C:\\Users\\IVS1\\Desktop\\prj\\public\\laravel-prj\\laravel prj\\vendor\\laravel\\framework\\src\\Illuminate\\Database\\Eloquent\\Builder.php(588): Illuminate\\Database\\Eloquent\\Builder->getModels(Array)
#8 C:\\Users\\IVS1\\Desktop\\prj\\public\\laravel-prj\\laravel prj\\vendor\\laravel\\framework\\src\\Illuminate\\Database\\Eloquent\\Model.php(522): Illuminate\\Database\\Eloquent\\Builder->get(Array)
#9 C:\\Users\\IVS1\\Desktop\\prj\\public\\laravel-prj\\laravel prj\\app\\Providers\\AppServiceProvider.php(29): Illuminate\\Database\\Eloquent\\Model::all()
#10 C:\\Users\\IVS1\\Desktop\\prj\\public\\laravel-prj\\laravel prj\\vendor\\laravel\\framework\\src\\Illuminate\\Container\\BoundMethod.php(36): App\\Providers\\AppServiceProvider->boot()
#11 C:\\Users\\IVS1\\Desktop\\prj\\public\\laravel-prj\\laravel prj\\vendor\\laravel\\framework\\src\\Illuminate\\Container\\Util.php(40): Illuminate\\Container\\BoundMethod::Illuminate\\Container\\{closure}()
#12 C:\\Users\\IVS1\\Desktop\\prj\\public\\laravel-prj\\laravel prj\\vendor\\laravel\\framework\\src\\Illuminate\\Container\\BoundMethod.php(93): Illuminate\\Container\\Util::unwrapIfClosure(Object(Closure))
#13 C:\\Users\\IVS1\\Desktop\\prj\\public\\laravel-prj\\laravel prj\\vendor\\laravel\\framework\\src\\Illuminate\\Container\\BoundMethod.php(37): Illuminate\\Container\\BoundMethod::callBoundMethod(Object(Illuminate\\Foundation\\Application), Array, Object(Closure))
#14 C:\\Users\\IVS1\\Desktop\\prj\\public\\laravel-prj\\laravel prj\\vendor\\laravel\\framework\\src\\Illuminate\\Container\\Container.php(651): Illuminate\\Container\\BoundMethod::call(Object(Illuminate\\Foundation\\Application), Array, Array, NULL)
#15 C:\\Users\\IVS1\\Desktop\\prj\\public\\laravel-prj\\laravel prj\\vendor\\laravel\\framework\\src\\Illuminate\\Foundation\\Application.php(914): Illuminate\\Container\\Container->call(Array)
#16 C:\\Users\\IVS1\\Desktop\\prj\\public\\laravel-prj\\laravel prj\\vendor\\laravel\\framework\\src\\Illuminate\\Foundation\\Application.php(895): Illuminate\\Foundation\\Application->bootProvider(Object(App\\Providers\\AppServiceProvider))
#17 [internal function]: Illuminate\\Foundation\\Application->Illuminate\\Foundation\\{closure}(Object(App\\Providers\\AppServiceProvider), 21)
#18 C:\\Users\\IVS1\\Desktop\\prj\\public\\laravel-prj\\laravel prj\\vendor\\laravel\\framework\\src\\Illuminate\\Foundation\\Application.php(896): array_walk(Array, Object(Closure))
#19 C:\\Users\\IVS1\\Desktop\\prj\\public\\laravel-prj\\laravel prj\\vendor\\laravel\\framework\\src\\Illuminate\\Foundation\\Bootstrap\\BootProviders.php(17): Illuminate\\Foundation\\Application->boot()
#20 C:\\Users\\IVS1\\Desktop\\prj\\public\\laravel-prj\\laravel prj\\vendor\\laravel\\framework\\src\\Illuminate\\Foundation\\Application.php(237): Illuminate\\Foundation\\Bootstrap\\BootProviders->bootstrap(Object(Illuminate\\Foundation\\Application))
#21 C:\\Users\\IVS1\\Desktop\\prj\\public\\laravel-prj\\laravel prj\\vendor\\laravel\\framework\\src\\Illuminate\\Foundation\\Console\\Kernel.php(310): Illuminate\\Foundation\\Application->bootstrapWith(Array)
#22 C:\\Users\\IVS1\\Desktop\\prj\\public\\laravel-prj\\laravel prj\\vendor\\laravel\\framework\\src\\Illuminate\\Foundation\\Console\\Kernel.php(127): Illuminate\\Foundation\\Console\\Kernel->bootstrap()
#23 Command line code(1): Illuminate\\Foundation\\Console\\Kernel->handle(Object(Symfony\\Component\\Console\\Input\\ArgvInput), Object(Symfony\\Component\\Console\\Output\\ConsoleOutput))
#24 {main}

[previous exception] [object] (PDOException(code: 42S02): SQLSTATE[42S02]: Base table or view not found: 1146 Table 'my-shop.brand' doesn't exist at C:\\Users\\IVS1\\Desktop\\prj\\public\\laravel-prj\\laravel prj\\vendor\\laravel\\framework\\src\\Illuminate\\Database\\Connection.php:352)
[stacktrace]
#0 C:\\Users\\IVS1\\Desktop\\prj\\public\\laravel-prj\\laravel prj\\vendor\\laravel\\framework\\src\\Illuminate\\Database\\Connection.php(352): PDO->prepare('select * from `...')
#1 C:\\Users\\IVS1\\Desktop\\prj\\public\\laravel-prj\\laravel prj\\vendor\\laravel\\framework\\src\\Illuminate\\Database\\Connection.php(685): Illuminate\\Database\\Connection->Illuminate\\Database\\{closure}('select * from `...', Array)
#2 C:\\Users\\IVS1\\Desktop\\prj\\public\\laravel-prj\\laravel prj\\vendor\\laravel\\framework\\src\\Illuminate\\Database\\Connection.php(652): Illuminate\\Database\\Connection->runQueryCallback('select * from `...', Array, Object(Closure))
#3 C:\\Users\\IVS1\\Desktop\\prj\\public\\laravel-prj\\laravel prj\\vendor\\laravel\\framework\\src\\Illuminate\\Database\\Connection.php(360): Illuminate\\Database\\Connection->run('select * from `...', Array, Object(Closure))
#4 C:\\Users\\IVS1\\Desktop\\prj\\public\\laravel-prj\\laravel prj\\vendor\\laravel\\framework\\src\\Illuminate\\Database\\Query\\Builder.php(2351): Illuminate\\Database\\Connection->select('select * from `...', Array, true)
#5 C:\\Users\\IVS1\\Desktop\\prj\\public\\laravel-prj\\laravel prj\\vendor\\laravel\\framework\\src\\Illuminate\\Database\\Query\\Builder.php(2339): Illuminate\\Database\\Query\\Builder->runSelect()
#6 C:\\Users\\IVS1\\Desktop\\prj\\public\\laravel-prj\\laravel prj\\vendor\\laravel\\framework\\src\\Illuminate\\Database\\Query\\Builder.php(2905): Illuminate\\Database\\Query\\Builder->Illuminate\\Database\\Query\\{closure}()
#7 C:\\Users\\IVS1\\Desktop\\prj\\public\\laravel-prj\\laravel prj\\vendor\\laravel\\framework\\src\\Illuminate\\Database\\Query\\Builder.php(2340): Illuminate\\Database\\Query\\Builder->onceWithColumns(Array, Object(Closure))
#8 C:\\Users\\IVS1\\Desktop\\prj\\public\\laravel-prj\\laravel prj\\vendor\\laravel\\framework\\src\\Illuminate\\Database\\Eloquent\\Builder.php(604): Illuminate\\Database\\Query\\Builder->get(Array)
#9 C:\\Users\\IVS1\\Desktop\\prj\\public\\laravel-prj\\laravel prj\\vendor\\laravel\\framework\\src\\Illuminate\\Database\\Eloquent\\Builder.php(588): Illuminate\\Database\\Eloquent\\Builder->getModels(Array)
#10 C:\\Users\\IVS1\\Desktop\\prj\\public\\laravel-prj\\laravel prj\\vendor\\laravel\\framework\\src\\Illuminate\\Database\\Eloquent\\Model.php(522): Illuminate\\Database\\Eloquent\\Builder->get(Array)
#11 C:\\Users\\IVS1\\Desktop\\prj\\public\\laravel-prj\\laravel prj\\app\\Providers\\AppServiceProvider.php(29): Illuminate\\Database\\Eloquent\\Model::all()
#12 C:\\Users\\IVS1\\Desktop\\prj\\public\\laravel-prj\\laravel prj\\vendor\\laravel\\framework\\src\\Illuminate\\Container\\BoundMethod.php(36): App\\Providers\\AppServiceProvider->boot()
#13 C:\\Users\\IVS1\\Desktop\\prj\\public\\laravel-prj\\laravel prj\\vendor\\laravel\\framework\\src\\Illuminate\\Container\\Util.php(40): Illuminate\\Container\\BoundMethod::Illuminate\\Container\\{closure}()
#14 C:\\Users\\IVS1\\Desktop\\prj\\public\\laravel-prj\\laravel prj\\vendor\\laravel\\framework\\src\\Illuminate\\Container\\BoundMethod.php(93): Illuminate\\Container\\Util::unwrapIfClosure(Object(Closure))
#15 C:\\Users\\IVS1\\Desktop\\prj\\public\\laravel-prj\\laravel prj\\vendor\\laravel\\framework\\src\\Illuminate\\Container\\BoundMethod.php(37): Illuminate\\Container\\BoundMethod::callBoundMethod(Object(Illuminate\\Foundation\\Application), Array, Object(Closure))
#16 C:\\Users\\IVS1\\Desktop\\prj\\public\\laravel-prj\\laravel prj\\vendor\\laravel\\framework\\src\\Illuminate\\Container\\Container.php(651): Illuminate\\Container\\BoundMethod::call(Object(Illuminate\\Foundation\\Application), Array, Array, NULL)
#17 C:\\Users\\IVS1\\Desktop\\prj\\public\\laravel-prj\\laravel prj\\vendor\\laravel\\framework\\src\\Illuminate\\Foundation\\Application.php(914): Illuminate\\Container\\Container->call(Array)
#18 C:\\Users\\IVS1\\Desktop\\prj\\public\\laravel-prj\\laravel prj\\vendor\\laravel\\framework\\src\\Illuminate\\Foundation\\Application.php(895): Illuminate\\Foundation\\Application->bootProvider(Object(App\\Providers\\AppServiceProvider))
#19 [internal function]: Illuminate\\Foundation\\Application->Illuminate\\Foundation\\{closure}(Object(App\\Providers\\AppServiceProvider), 21)
#20 C:\\Users\\IVS1\\Desktop\\prj\\public\\laravel-prj\\laravel prj\\vendor\\laravel\\framework\\src\\Illuminate\\Foundation\\Application.php(896): array_walk(Array, Object(Closure))
#21 C:\\Users\\IVS1\\Desktop\\prj\\public\\laravel-prj\\laravel prj\\vendor\\laravel\\framework\\src\\Illuminate\\Foundation\\Bootstrap\\BootProviders.php(17): Illuminate\\Foundation\\Application->boot()
#22 C:\\Users\\IVS1\\Desktop\\prj\\public\\laravel-prj\\laravel prj\\vendor\\laravel\\framework\\src\\Illuminate\\Foundation\\Application.php(237): Illuminate\\Foundation\\Bootstrap\\BootProviders->bootstrap(Object(Illuminate\\Foundation\\Application))
#23 C:\\Users\\IVS1\\Desktop\\prj\\public\\laravel-prj\\laravel prj\\vendor\\laravel\\framework\\src\\Illuminate\\Foundation\\Console\\Kernel.php(310): Illuminate\\Foundation\\Application->bootstrapWith(Array)
#24 C:\\Users\\IVS1\\Desktop\\prj\\public\\laravel-prj\\laravel prj\\vendor\\laravel\\framework\\src\\Illuminate\\Foundation\\Console\\Kernel.php(127): Illuminate\\Foundation\\Console\\Kernel->bootstrap()
#25 Command line code(1): Illuminate\\Foundation\\Console\\Kernel->handle(Object(Symfony\\Component\\Console\\Input\\ArgvInput), Object(Symfony\\Component\\Console\\Output\\ConsoleOutput))
#26 {main}
"} 
[2021-07-01 03:03:54] local.ERROR: Cannot redeclare loadCart() (previously declared in C:\Users\IVS1\Desktop\prj\public\laravel-prj\laravel prj\app\helpers.php:5) {"exception":"[object] (Symfony\\Component\\ErrorHandler\\Error\\FatalError(code: 0): Cannot redeclare loadCart() (previously declared in C:\\Users\\IVS1\\Desktop\\prj\\public\\laravel-prj\\laravel prj\\app\\helpers.php:5) at C:\\Users\\IVS1\\Desktop\\prj\\public\\laravel-prj\\laravel prj\\app\\helpers.php:3)
[stacktrace]
#0 {main}
"} 
[2021-07-01 03:04:48] local.ERROR: Command "dump-autoload" is not defined. {"exception":"[object] (Symfony\\Component\\Console\\Exception\\CommandNotFoundException(code: 0): Command \"dump-autoload\" is not defined. at C:\\Users\\IVS1\\Desktop\\prj\\public\\laravel-prj\\laravel prj\\vendor\\symfony\\console\\Application.php:682)
[stacktrace]
#0 C:\\Users\\IVS1\\Desktop\\prj\\public\\laravel-prj\\laravel prj\\vendor\\symfony\\console\\Application.php(255): Symfony\\Component\\Console\\Application->find('dump-autoload')
#1 C:\\Users\\IVS1\\Desktop\\prj\\public\\laravel-prj\\laravel prj\\vendor\\symfony\\console\\Application.php(167): Symfony\\Component\\Console\\Application->doRun(Object(Symfony\\Component\\Console\\Input\\ArgvInput), Object(Symfony\\Component\\Console\\Output\\ConsoleOutput))
#2 C:\\Users\\IVS1\\Desktop\\prj\\public\\laravel-prj\\laravel prj\\vendor\\laravel\\framework\\src\\Illuminate\\Console\\Application.php(92): Symfony\\Component\\Console\\Application->run(Object(Symfony\\Component\\Console\\Input\\ArgvInput), Object(Symfony\\Component\\Console\\Output\\ConsoleOutput))
#3 C:\\Users\\IVS1\\Desktop\\prj\\public\\laravel-prj\\laravel prj\\vendor\\laravel\\framework\\src\\Illuminate\\Foundation\\Console\\Kernel.php(129): Illuminate\\Console\\Application->run(Object(Symfony\\Component\\Console\\Input\\ArgvInput), Object(Symfony\\Component\\Console\\Output\\ConsoleOutput))
#4 C:\\Users\\IVS1\\Desktop\\prj\\public\\laravel-prj\\laravel prj\\artisan(37): Illuminate\\Foundation\\Console\\Kernel->handle(Object(Symfony\\Component\\Console\\Input\\ArgvInput), Object(Symfony\\Component\\Console\\Output\\ConsoleOutput))
#5 {main}
"} 
[2021-07-01 03:04:53] local.ERROR: Cannot redeclare loadCart() (previously declared in C:\Users\IVS1\Desktop\prj\public\laravel-prj\laravel prj\app\helpers.php:5) {"exception":"[object] (Symfony\\Component\\ErrorHandler\\Error\\FatalError(code: 0): Cannot redeclare loadCart() (previously declared in C:\\Users\\IVS1\\Desktop\\prj\\public\\laravel-prj\\laravel prj\\app\\helpers.php:5) at C:\\Users\\IVS1\\Desktop\\prj\\public\\laravel-prj\\laravel prj\\app\\helpers.php:3)
[stacktrace]
#0 {main}
"} 
[2021-07-01 03:05:53] local.ERROR: Cannot redeclare loadCart() (previously declared in C:\Users\IVS1\Desktop\prj\public\laravel-prj\laravel prj\app\helpers.php:5) {"exception":"[object] (Symfony\\Component\\ErrorHandler\\Error\\FatalError(code: 0): Cannot redeclare loadCart() (previously declared in C:\\Users\\IVS1\\Desktop\\prj\\public\\laravel-prj\\laravel prj\\app\\helpers.php:5) at C:\\Users\\IVS1\\Desktop\\prj\\public\\laravel-prj\\laravel prj\\app\\helpers.php:3)
[stacktrace]
#0 {main}
"} 
