[2021-07-12 06:27:10] production.ERROR: The C:\xampp8\htdocs\laravel-prj\laravel prj(lqh)\bootstrap\cache directory must be present and writable. {"exception":"[object] (Exception(code: 0): The C:\\xampp8\\htdocs\\laravel-prj\\laravel prj(lqh)\\bootstrap\\cache directory must be present and writable. at C:\\xampp8\\htdocs\\laravel-prj\\laravel prj(lqh)\\vendor\\laravel\\framework\\src\\Illuminate\\Foundation\\PackageManifest.php:177)
[stacktrace]
#0 C:\\xampp8\\htdocs\\laravel-prj\\laravel prj(lqh)\\vendor\\laravel\\framework\\src\\Illuminate\\Foundation\\PackageManifest.php(136): Illuminate\\Foundation\\PackageManifest->write(Array)
#1 C:\\xampp8\\htdocs\\laravel-prj\\laravel prj(lqh)\\vendor\\laravel\\framework\\src\\Illuminate\\Foundation\\PackageManifest.php(106): Illuminate\\Foundation\\PackageManifest->build()
#2 C:\\xampp8\\htdocs\\laravel-prj\\laravel prj(lqh)\\vendor\\laravel\\framework\\src\\Illuminate\\Foundation\\PackageManifest.php(89): Illuminate\\Foundation\\PackageManifest->getManifest()
#3 C:\\xampp8\\htdocs\\laravel-prj\\laravel prj(lqh)\\vendor\\laravel\\framework\\src\\Illuminate\\Foundation\\PackageManifest.php(78): Illuminate\\Foundation\\PackageManifest->config('aliases')
#4 C:\\xampp8\\htdocs\\laravel-prj\\laravel prj(lqh)\\vendor\\laravel\\framework\\src\\Illuminate\\Foundation\\Bootstrap\\RegisterFacades.php(26): Illuminate\\Foundation\\PackageManifest->aliases()
#5 C:\\xampp8\\htdocs\\laravel-prj\\laravel prj(lqh)\\vendor\\laravel\\framework\\src\\Illuminate\\Foundation\\Application.php(237): Illuminate\\Foundation\\Bootstrap\\RegisterFacades->bootstrap(Object(Illuminate\\Foundation\\Application))
#6 C:\\xampp8\\htdocs\\laravel-prj\\laravel prj(lqh)\\vendor\\laravel\\framework\\src\\Illuminate\\Foundation\\Console\\Kernel.php(310): Illuminate\\Foundation\\Application->bootstrapWith(Array)
#7 C:\\xampp8\\htdocs\\laravel-prj\\laravel prj(lqh)\\vendor\\laravel\\framework\\src\\Illuminate\\Foundation\\Console\\Kernel.php(127): Illuminate\\Foundation\\Console\\Kernel->bootstrap()
#8 C:\\xampp8\\htdocs\\laravel-prj\\laravel prj(lqh)\\artisan(37): Illuminate\\Foundation\\Console\\Kernel->handle(Object(Symfony\\Component\\Console\\Input\\ArgvInput), Object(Symfony\\Component\\Console\\Output\\ConsoleOutput))
#9 {main}
"} 
[2021-07-12 06:28:54] production.ERROR: Please provide a valid cache path. {"exception":"[object] (InvalidArgumentException(code: 0): Please provide a valid cache path. at C:\\xampp8\\htdocs\\laravel-prj\\laravel prj(lqh)\\vendor\\laravel\\framework\\src\\Illuminate\\View\\Compilers\\Compiler.php:36)
[stacktrace]
#0 C:\\xampp8\\htdocs\\laravel-prj\\laravel prj(lqh)\\vendor\\laravel\\framework\\src\\Illuminate\\View\\ViewServiceProvider.php(88): Illuminate\\View\\Compilers\\Compiler->__construct(Object(Illuminate\\Filesystem\\Filesystem), false)
#1 C:\\xampp8\\htdocs\\laravel-prj\\laravel prj(lqh)\\vendor\\laravel\\framework\\src\\Illuminate\\Container\\Container.php(869): Illuminate\\View\\ViewServiceProvider->Illuminate\\View\\{closure}(Object(Illuminate\\Foundation\\Application), Array)
#2 C:\\xampp8\\htdocs\\laravel-prj\\laravel prj(lqh)\\vendor\\laravel\\framework\\src\\Illuminate\\Container\\Container.php(754): Illuminate\\Container\\Container->build(Object(Closure))
#3 C:\\xampp8\\htdocs\\laravel-prj\\laravel prj(lqh)\\vendor\\laravel\\framework\\src\\Illuminate\\Foundation\\Application.php(841): Illuminate\\Container\\Container->resolve('blade.compiler', Array, true)
#4 C:\\xampp8\\htdocs\\laravel-prj\\laravel prj(lqh)\\vendor\\laravel\\framework\\src\\Illuminate\\Container\\Container.php(692): Illuminate\\Foundation\\Application->resolve('blade.compiler', Array)
#5 C:\\xampp8\\htdocs\\laravel-prj\\laravel prj(lqh)\\vendor\\laravel\\framework\\src\\Illuminate\\Foundation\\Application.php(826): Illuminate\\Container\\Container->make('blade.compiler', Array)
#6 C:\\xampp8\\htdocs\\laravel-prj\\laravel prj(lqh)\\vendor\\laravel\\framework\\src\\Illuminate\\Container\\Container.php(1418): Illuminate\\Foundation\\Application->make('blade.compiler')
#7 C:\\xampp8\\htdocs\\laravel-prj\\laravel prj(lqh)\\vendor\\laravel\\framework\\src\\Illuminate\\View\\ViewServiceProvider.php(150): Illuminate\\Container\\Container->offsetGet('blade.compiler')
#8 [internal function]: Illuminate\\View\\ViewServiceProvider->Illuminate\\View\\{closure}()
#9 C:\\xampp8\\htdocs\\laravel-prj\\laravel prj(lqh)\\vendor\\laravel\\framework\\src\\Illuminate\\View\\Engines\\EngineResolver.php(55): call_user_func(Object(Closure))
#10 C:\\xampp8\\htdocs\\laravel-prj\\laravel prj(lqh)\\vendor\\facade\\ignition\\src\\IgnitionServiceProvider.php(427): Illuminate\\View\\Engines\\EngineResolver->resolve('blade')
#11 C:\\xampp8\\htdocs\\laravel-prj\\laravel prj(lqh)\\vendor\\facade\\ignition\\src\\IgnitionServiceProvider.php(149): Facade\\Ignition\\IgnitionServiceProvider->hasCustomViewEnginesRegistered()
#12 C:\\xampp8\\htdocs\\laravel-prj\\laravel prj(lqh)\\vendor\\facade\\ignition\\src\\IgnitionServiceProvider.php(93): Facade\\Ignition\\IgnitionServiceProvider->registerViewEngines()
#13 C:\\xampp8\\htdocs\\laravel-prj\\laravel prj(lqh)\\vendor\\laravel\\framework\\src\\Illuminate\\Container\\BoundMethod.php(36): Facade\\Ignition\\IgnitionServiceProvider->boot()
#14 C:\\xampp8\\htdocs\\laravel-prj\\laravel prj(lqh)\\vendor\\laravel\\framework\\src\\Illuminate\\Container\\Util.php(40): Illuminate\\Container\\BoundMethod::Illuminate\\Container\\{closure}()
#15 C:\\xampp8\\htdocs\\laravel-prj\\laravel prj(lqh)\\vendor\\laravel\\framework\\src\\Illuminate\\Container\\BoundMethod.php(93): Illuminate\\Container\\Util::unwrapIfClosure(Object(Closure))
#16 C:\\xampp8\\htdocs\\laravel-prj\\laravel prj(lqh)\\vendor\\laravel\\framework\\src\\Illuminate\\Container\\BoundMethod.php(37): Illuminate\\Container\\BoundMethod::callBoundMethod(Object(Illuminate\\Foundation\\Application), Array, Object(Closure))
#17 C:\\xampp8\\htdocs\\laravel-prj\\laravel prj(lqh)\\vendor\\laravel\\framework\\src\\Illuminate\\Container\\Container.php(651): Illuminate\\Container\\BoundMethod::call(Object(Illuminate\\Foundation\\Application), Array, Array, NULL)
#18 C:\\xampp8\\htdocs\\laravel-prj\\laravel prj(lqh)\\vendor\\laravel\\framework\\src\\Illuminate\\Foundation\\Application.php(914): Illuminate\\Container\\Container->call(Array)
#19 C:\\xampp8\\htdocs\\laravel-prj\\laravel prj(lqh)\\vendor\\laravel\\framework\\src\\Illuminate\\Foundation\\Application.php(895): Illuminate\\Foundation\\Application->bootProvider(Object(Facade\\Ignition\\IgnitionServiceProvider))
#20 [internal function]: Illuminate\\Foundation\\Application->Illuminate\\Foundation\\{closure}(Object(Facade\\Ignition\\IgnitionServiceProvider), 15)
#21 C:\\xampp8\\htdocs\\laravel-prj\\laravel prj(lqh)\\vendor\\laravel\\framework\\src\\Illuminate\\Foundation\\Application.php(896): array_walk(Array, Object(Closure))
#22 C:\\xampp8\\htdocs\\laravel-prj\\laravel prj(lqh)\\vendor\\laravel\\framework\\src\\Illuminate\\Foundation\\Bootstrap\\BootProviders.php(17): Illuminate\\Foundation\\Application->boot()
#23 C:\\xampp8\\htdocs\\laravel-prj\\laravel prj(lqh)\\vendor\\laravel\\framework\\src\\Illuminate\\Foundation\\Application.php(237): Illuminate\\Foundation\\Bootstrap\\BootProviders->bootstrap(Object(Illuminate\\Foundation\\Application))
#24 C:\\xampp8\\htdocs\\laravel-prj\\laravel prj(lqh)\\vendor\\laravel\\framework\\src\\Illuminate\\Foundation\\Console\\Kernel.php(310): Illuminate\\Foundation\\Application->bootstrapWith(Array)
#25 C:\\xampp8\\htdocs\\laravel-prj\\laravel prj(lqh)\\vendor\\laravel\\framework\\src\\Illuminate\\Foundation\\Console\\Kernel.php(127): Illuminate\\Foundation\\Console\\Kernel->bootstrap()
#26 C:\\xampp8\\htdocs\\laravel-prj\\laravel prj(lqh)\\artisan(37): Illuminate\\Foundation\\Console\\Kernel->handle(Object(Symfony\\Component\\Console\\Input\\ArgvInput), Object(Symfony\\Component\\Console\\Output\\ConsoleOutput))
#27 {main}
"} 
[2021-07-12 06:30:02] production.ERROR: SQLSTATE[HY000] [1045] Access denied for user 'forge'@'localhost' (using password: NO) (SQL: select * from `brand` where `brand`.`deleted_at` is null) {"exception":"[object] (Illuminate\\Database\\QueryException(code: 1045): SQLSTATE[HY000] [1045] Access denied for user 'forge'@'localhost' (using password: NO) (SQL: select * from `brand` where `brand`.`deleted_at` is null) at C:\\xampp8\\htdocs\\laravel-prj\\laravel prj(lqh)\\vendor\\laravel\\framework\\src\\Illuminate\\Database\\Connection.php:692)
[stacktrace]
#0 C:\\xampp8\\htdocs\\laravel-prj\\laravel prj(lqh)\\vendor\\laravel\\framework\\src\\Illuminate\\Database\\Connection.php(652): Illuminate\\Database\\Connection->runQueryCallback('select * from `...', Array, Object(Closure))
#1 C:\\xampp8\\htdocs\\laravel-prj\\laravel prj(lqh)\\vendor\\laravel\\framework\\src\\Illuminate\\Database\\Connection.php(360): Illuminate\\Database\\Connection->run('select * from `...', Array, Object(Closure))
#2 C:\\xampp8\\htdocs\\laravel-prj\\laravel prj(lqh)\\vendor\\laravel\\framework\\src\\Illuminate\\Database\\Query\\Builder.php(2351): Illuminate\\Database\\Connection->select('select * from `...', Array, true)
#3 C:\\xampp8\\htdocs\\laravel-prj\\laravel prj(lqh)\\vendor\\laravel\\framework\\src\\Illuminate\\Database\\Query\\Builder.php(2339): Illuminate\\Database\\Query\\Builder->runSelect()
#4 C:\\xampp8\\htdocs\\laravel-prj\\laravel prj(lqh)\\vendor\\laravel\\framework\\src\\Illuminate\\Database\\Query\\Builder.php(2905): Illuminate\\Database\\Query\\Builder->Illuminate\\Database\\Query\\{closure}()
#5 C:\\xampp8\\htdocs\\laravel-prj\\laravel prj(lqh)\\vendor\\laravel\\framework\\src\\Illuminate\\Database\\Query\\Builder.php(2340): Illuminate\\Database\\Query\\Builder->onceWithColumns(Array, Object(Closure))
#6 C:\\xampp8\\htdocs\\laravel-prj\\laravel prj(lqh)\\vendor\\laravel\\framework\\src\\Illuminate\\Database\\Eloquent\\Builder.php(604): Illuminate\\Database\\Query\\Builder->get(Array)
#7 C:\\xampp8\\htdocs\\laravel-prj\\laravel prj(lqh)\\vendor\\laravel\\framework\\src\\Illuminate\\Database\\Eloquent\\Builder.php(588): Illuminate\\Database\\Eloquent\\Builder->getModels(Array)
#8 C:\\xampp8\\htdocs\\laravel-prj\\laravel prj(lqh)\\app\\Providers\\AppServiceProvider.php(29): Illuminate\\Database\\Eloquent\\Builder->get()
#9 C:\\xampp8\\htdocs\\laravel-prj\\laravel prj(lqh)\\vendor\\laravel\\framework\\src\\Illuminate\\Container\\BoundMethod.php(36): App\\Providers\\AppServiceProvider->boot()
#10 C:\\xampp8\\htdocs\\laravel-prj\\laravel prj(lqh)\\vendor\\laravel\\framework\\src\\Illuminate\\Container\\Util.php(40): Illuminate\\Container\\BoundMethod::Illuminate\\Container\\{closure}()
#11 C:\\xampp8\\htdocs\\laravel-prj\\laravel prj(lqh)\\vendor\\laravel\\framework\\src\\Illuminate\\Container\\BoundMethod.php(93): Illuminate\\Container\\Util::unwrapIfClosure(Object(Closure))
#12 C:\\xampp8\\htdocs\\laravel-prj\\laravel prj(lqh)\\vendor\\laravel\\framework\\src\\Illuminate\\Container\\BoundMethod.php(37): Illuminate\\Container\\BoundMethod::callBoundMethod(Object(Illuminate\\Foundation\\Application), Array, Object(Closure))
#13 C:\\xampp8\\htdocs\\laravel-prj\\laravel prj(lqh)\\vendor\\laravel\\framework\\src\\Illuminate\\Container\\Container.php(651): Illuminate\\Container\\BoundMethod::call(Object(Illuminate\\Foundation\\Application), Array, Array, NULL)
#14 C:\\xampp8\\htdocs\\laravel-prj\\laravel prj(lqh)\\vendor\\laravel\\framework\\src\\Illuminate\\Foundation\\Application.php(914): Illuminate\\Container\\Container->call(Array)
#15 C:\\xampp8\\htdocs\\laravel-prj\\laravel prj(lqh)\\vendor\\laravel\\framework\\src\\Illuminate\\Foundation\\Application.php(895): Illuminate\\Foundation\\Application->bootProvider(Object(App\\Providers\\AppServiceProvider))
#16 [internal function]: Illuminate\\Foundation\\Application->Illuminate\\Foundation\\{closure}(Object(App\\Providers\\AppServiceProvider), 20)
#17 C:\\xampp8\\htdocs\\laravel-prj\\laravel prj(lqh)\\vendor\\laravel\\framework\\src\\Illuminate\\Foundation\\Application.php(896): array_walk(Array, Object(Closure))
#18 C:\\xampp8\\htdocs\\laravel-prj\\laravel prj(lqh)\\vendor\\laravel\\framework\\src\\Illuminate\\Foundation\\Bootstrap\\BootProviders.php(17): Illuminate\\Foundation\\Application->boot()
#19 C:\\xampp8\\htdocs\\laravel-prj\\laravel prj(lqh)\\vendor\\laravel\\framework\\src\\Illuminate\\Foundation\\Application.php(237): Illuminate\\Foundation\\Bootstrap\\BootProviders->bootstrap(Object(Illuminate\\Foundation\\Application))
#20 C:\\xampp8\\htdocs\\laravel-prj\\laravel prj(lqh)\\vendor\\laravel\\framework\\src\\Illuminate\\Foundation\\Console\\Kernel.php(310): Illuminate\\Foundation\\Application->bootstrapWith(Array)
#21 C:\\xampp8\\htdocs\\laravel-prj\\laravel prj(lqh)\\vendor\\laravel\\framework\\src\\Illuminate\\Foundation\\Console\\Kernel.php(127): Illuminate\\Foundation\\Console\\Kernel->bootstrap()
#22 C:\\xampp8\\htdocs\\laravel-prj\\laravel prj(lqh)\\artisan(37): Illuminate\\Foundation\\Console\\Kernel->handle(Object(Symfony\\Component\\Console\\Input\\ArgvInput), Object(Symfony\\Component\\Console\\Output\\ConsoleOutput))
#23 {main}

[previous exception] [object] (PDOException(code: 1045): SQLSTATE[HY000] [1045] Access denied for user 'forge'@'localhost' (using password: NO) at C:\\xampp8\\htdocs\\laravel-prj\\laravel prj(lqh)\\vendor\\laravel\\framework\\src\\Illuminate\\Database\\Connectors\\Connector.php:70)
[stacktrace]
#0 C:\\xampp8\\htdocs\\laravel-prj\\laravel prj(lqh)\\vendor\\laravel\\framework\\src\\Illuminate\\Database\\Connectors\\Connector.php(70): PDO->__construct('mysql:host=127....', 'forge', '', Array)
#1 C:\\xampp8\\htdocs\\laravel-prj\\laravel prj(lqh)\\vendor\\laravel\\framework\\src\\Illuminate\\Database\\Connectors\\Connector.php(46): Illuminate\\Database\\Connectors\\Connector->createPdoConnection('mysql:host=127....', 'forge', '', Array)
#2 C:\\xampp8\\htdocs\\laravel-prj\\laravel prj(lqh)\\vendor\\laravel\\framework\\src\\Illuminate\\Database\\Connectors\\MySqlConnector.php(24): Illuminate\\Database\\Connectors\\Connector->createConnection('mysql:host=127....', Array, Array)
#3 C:\\xampp8\\htdocs\\laravel-prj\\laravel prj(lqh)\\vendor\\laravel\\framework\\src\\Illuminate\\Database\\Connectors\\ConnectionFactory.php(184): Illuminate\\Database\\Connectors\\MySqlConnector->connect(Array)
#4 [internal function]: Illuminate\\Database\\Connectors\\ConnectionFactory->Illuminate\\Database\\Connectors\\{closure}()
#5 C:\\xampp8\\htdocs\\laravel-prj\\laravel prj(lqh)\\vendor\\laravel\\framework\\src\\Illuminate\\Database\\Connection.php(999): call_user_func(Object(Closure))
#6 C:\\xampp8\\htdocs\\laravel-prj\\laravel prj(lqh)\\vendor\\laravel\\framework\\src\\Illuminate\\Database\\Connection.php(1035): Illuminate\\Database\\Connection->getPdo()
#7 C:\\xampp8\\htdocs\\laravel-prj\\laravel prj(lqh)\\vendor\\laravel\\framework\\src\\Illuminate\\Database\\Connection.php(426): Illuminate\\Database\\Connection->getReadPdo()
#8 C:\\xampp8\\htdocs\\laravel-prj\\laravel prj(lqh)\\vendor\\laravel\\framework\\src\\Illuminate\\Database\\Connection.php(352): Illuminate\\Database\\Connection->getPdoForSelect(true)
#9 C:\\xampp8\\htdocs\\laravel-prj\\laravel prj(lqh)\\vendor\\laravel\\framework\\src\\Illuminate\\Database\\Connection.php(685): Illuminate\\Database\\Connection->Illuminate\\Database\\{closure}('select * from `...', Array)
#10 C:\\xampp8\\htdocs\\laravel-prj\\laravel prj(lqh)\\vendor\\laravel\\framework\\src\\Illuminate\\Database\\Connection.php(652): Illuminate\\Database\\Connection->runQueryCallback('select * from `...', Array, Object(Closure))
#11 C:\\xampp8\\htdocs\\laravel-prj\\laravel prj(lqh)\\vendor\\laravel\\framework\\src\\Illuminate\\Database\\Connection.php(360): Illuminate\\Database\\Connection->run('select * from `...', Array, Object(Closure))
#12 C:\\xampp8\\htdocs\\laravel-prj\\laravel prj(lqh)\\vendor\\laravel\\framework\\src\\Illuminate\\Database\\Query\\Builder.php(2351): Illuminate\\Database\\Connection->select('select * from `...', Array, true)
#13 C:\\xampp8\\htdocs\\laravel-prj\\laravel prj(lqh)\\vendor\\laravel\\framework\\src\\Illuminate\\Database\\Query\\Builder.php(2339): Illuminate\\Database\\Query\\Builder->runSelect()
#14 C:\\xampp8\\htdocs\\laravel-prj\\laravel prj(lqh)\\vendor\\laravel\\framework\\src\\Illuminate\\Database\\Query\\Builder.php(2905): Illuminate\\Database\\Query\\Builder->Illuminate\\Database\\Query\\{closure}()
#15 C:\\xampp8\\htdocs\\laravel-prj\\laravel prj(lqh)\\vendor\\laravel\\framework\\src\\Illuminate\\Database\\Query\\Builder.php(2340): Illuminate\\Database\\Query\\Builder->onceWithColumns(Array, Object(Closure))
#16 C:\\xampp8\\htdocs\\laravel-prj\\laravel prj(lqh)\\vendor\\laravel\\framework\\src\\Illuminate\\Database\\Eloquent\\Builder.php(604): Illuminate\\Database\\Query\\Builder->get(Array)
#17 C:\\xampp8\\htdocs\\laravel-prj\\laravel prj(lqh)\\vendor\\laravel\\framework\\src\\Illuminate\\Database\\Eloquent\\Builder.php(588): Illuminate\\Database\\Eloquent\\Builder->getModels(Array)
#18 C:\\xampp8\\htdocs\\laravel-prj\\laravel prj(lqh)\\app\\Providers\\AppServiceProvider.php(29): Illuminate\\Database\\Eloquent\\Builder->get()
#19 C:\\xampp8\\htdocs\\laravel-prj\\laravel prj(lqh)\\vendor\\laravel\\framework\\src\\Illuminate\\Container\\BoundMethod.php(36): App\\Providers\\AppServiceProvider->boot()
#20 C:\\xampp8\\htdocs\\laravel-prj\\laravel prj(lqh)\\vendor\\laravel\\framework\\src\\Illuminate\\Container\\Util.php(40): Illuminate\\Container\\BoundMethod::Illuminate\\Container\\{closure}()
#21 C:\\xampp8\\htdocs\\laravel-prj\\laravel prj(lqh)\\vendor\\laravel\\framework\\src\\Illuminate\\Container\\BoundMethod.php(93): Illuminate\\Container\\Util::unwrapIfClosure(Object(Closure))
#22 C:\\xampp8\\htdocs\\laravel-prj\\laravel prj(lqh)\\vendor\\laravel\\framework\\src\\Illuminate\\Container\\BoundMethod.php(37): Illuminate\\Container\\BoundMethod::callBoundMethod(Object(Illuminate\\Foundation\\Application), Array, Object(Closure))
#23 C:\\xampp8\\htdocs\\laravel-prj\\laravel prj(lqh)\\vendor\\laravel\\framework\\src\\Illuminate\\Container\\Container.php(651): Illuminate\\Container\\BoundMethod::call(Object(Illuminate\\Foundation\\Application), Array, Array, NULL)
#24 C:\\xampp8\\htdocs\\laravel-prj\\laravel prj(lqh)\\vendor\\laravel\\framework\\src\\Illuminate\\Foundation\\Application.php(914): Illuminate\\Container\\Container->call(Array)
#25 C:\\xampp8\\htdocs\\laravel-prj\\laravel prj(lqh)\\vendor\\laravel\\framework\\src\\Illuminate\\Foundation\\Application.php(895): Illuminate\\Foundation\\Application->bootProvider(Object(App\\Providers\\AppServiceProvider))
#26 [internal function]: Illuminate\\Foundation\\Application->Illuminate\\Foundation\\{closure}(Object(App\\Providers\\AppServiceProvider), 20)
#27 C:\\xampp8\\htdocs\\laravel-prj\\laravel prj(lqh)\\vendor\\laravel\\framework\\src\\Illuminate\\Foundation\\Application.php(896): array_walk(Array, Object(Closure))
#28 C:\\xampp8\\htdocs\\laravel-prj\\laravel prj(lqh)\\vendor\\laravel\\framework\\src\\Illuminate\\Foundation\\Bootstrap\\BootProviders.php(17): Illuminate\\Foundation\\Application->boot()
#29 C:\\xampp8\\htdocs\\laravel-prj\\laravel prj(lqh)\\vendor\\laravel\\framework\\src\\Illuminate\\Foundation\\Application.php(237): Illuminate\\Foundation\\Bootstrap\\BootProviders->bootstrap(Object(Illuminate\\Foundation\\Application))
#30 C:\\xampp8\\htdocs\\laravel-prj\\laravel prj(lqh)\\vendor\\laravel\\framework\\src\\Illuminate\\Foundation\\Console\\Kernel.php(310): Illuminate\\Foundation\\Application->bootstrapWith(Array)
#31 C:\\xampp8\\htdocs\\laravel-prj\\laravel prj(lqh)\\vendor\\laravel\\framework\\src\\Illuminate\\Foundation\\Console\\Kernel.php(127): Illuminate\\Foundation\\Console\\Kernel->bootstrap()
#32 C:\\xampp8\\htdocs\\laravel-prj\\laravel prj(lqh)\\artisan(37): Illuminate\\Foundation\\Console\\Kernel->handle(Object(Symfony\\Component\\Console\\Input\\ArgvInput), Object(Symfony\\Component\\Console\\Output\\ConsoleOutput))
#33 {main}
"} 
